Using pre-set license
Built from 'trunk' branch; Version is '6000.0.5f1 (17028576122a) revision 1507973'; Using compiler version '193933522'; Build Type 'Release'
OS: 'Windows 10  (10.0.19045) 64bit Core' Language: 'en' Physical Memory: 32677 MB
BatchMode: 1, IsHumanControllingUs: 0, StartBugReporterOnCrash: 0, Is64bit: 1, IsPro: 1

COMMAND LINE ARGUMENTS:
C:\Program Files\Unity\Hub\Editor\6000.0.5f1\Editor\Unity.exe
-adb2
-batchMode
-noUpm
-name
AssetImportWorker3
-projectPath
C:/Users/Marsgaming155/Downloads/Milkshake-Madness/Milkshake Madness
-logFile
Logs/AssetImportWorker3.log
-srvPort
53836
-job-worker-count
7
-background-job-worker-count
8
-asset-garbage-collectors
1
Successfully changed project path to: C:/Users/Marsgaming155/Downloads/Milkshake-Madness/Milkshake Madness
C:/Users/Marsgaming155/Downloads/Milkshake-Madness/Milkshake Madness
[UnityMemory] Configuration Parameters - Can be set up in boot.config
    "memorysetup-bucket-allocator-granularity=16"
    "memorysetup-bucket-allocator-bucket-count=8"
    "memorysetup-bucket-allocator-block-size=33554432"
    "memorysetup-bucket-allocator-block-count=8"
    "memorysetup-main-allocator-block-size=16777216"
    "memorysetup-thread-allocator-block-size=16777216"
    "memorysetup-gfx-main-allocator-block-size=16777216"
    "memorysetup-gfx-thread-allocator-block-size=16777216"
    "memorysetup-cache-allocator-block-size=4194304"
    "memorysetup-typetree-allocator-block-size=2097152"
    "memorysetup-profiler-bucket-allocator-granularity=16"
    "memorysetup-profiler-bucket-allocator-bucket-count=8"
    "memorysetup-profiler-bucket-allocator-block-size=33554432"
    "memorysetup-profiler-bucket-allocator-block-count=8"
    "memorysetup-profiler-allocator-block-size=16777216"
    "memorysetup-profiler-editor-allocator-block-size=1048576"
    "memorysetup-temp-allocator-size-main=16777216"
    "memorysetup-job-temp-allocator-block-size=2097152"
    "memorysetup-job-temp-allocator-block-size-background=1048576"
    "memorysetup-job-temp-allocator-reduction-small-platforms=262144"
    "memorysetup-allocator-temp-initial-block-size-main=262144"
    "memorysetup-allocator-temp-initial-block-size-worker=262144"
    "memorysetup-temp-allocator-size-background-worker=32768"
    "memorysetup-temp-allocator-size-job-worker=262144"
    "memorysetup-temp-allocator-size-preload-manager=33554432"
    "memorysetup-temp-allocator-size-nav-mesh-worker=65536"
    "memorysetup-temp-allocator-size-audio-worker=65536"
    "memorysetup-temp-allocator-size-cloud-worker=32768"
    "memorysetup-temp-allocator-size-gi-baking-worker=262144"
    "memorysetup-temp-allocator-size-gi-baking-worker=262144"
    "memorysetup-temp-allocator-size-gi-baking-worker=262144"
    "memorysetup-temp-allocator-size-gi-baking-worker=262144"
    "memorysetup-temp-allocator-size-gi-baking-worker=262144"
    "memorysetup-temp-allocator-size-gfx=262144"
Player connection [28680]  Target information:

Player connection [28680]  * "[IP] 192.168.0.79 [Port] 0 [Flags] 2 [Guid] 1329418447 [EditorId] 1329418447 [Version] 1048832 [Id] WindowsEditor(7,DESKTOP-GPNQB43) [Debug] 1 [PackageName] WindowsEditor [ProjectName] Editor" 

Player connection [28680] Host joined multi-casting on [225.0.0.222:54997]...
Player connection [28680] Host joined alternative multi-casting on [225.0.0.222:34997]...
JobSystem: Creating JobQueue using job-worker-count value 7
Library Redirect Path: Library/
[PhysX] Initialized MultithreadedTaskDispatcher with 8 workers.
Refreshing native plugins compatible for Editor in 6.12 ms, found 4 plugins.
Preloading 0 native plugins for Editor in 0.00 ms.
Initialize engine version: 6000.0.5f1 (17028576122a)
[Subsystems] Discovering subsystems at path C:/Program Files/Unity/Hub/Editor/6000.0.5f1/Editor/Data/Resources/UnitySubsystems
[Subsystems] Discovering subsystems at path C:/Users/Marsgaming155/Downloads/Milkshake-Madness/Milkshake Madness/Assets
GfxDevice: creating device client; kGfxThreadingModeNonThreaded
Direct3D:
    Version:  Direct3D 11.0 [level 11.1]
    Renderer: NVIDIA GeForce GTX 1660 SUPER (ID=0x21c4)
    Vendor:   NVIDIA
    VRAM:     5966 MB
    Driver:   32.0.15.6603
Initialize mono
Mono path[0] = 'C:/Program Files/Unity/Hub/Editor/6000.0.5f1/Editor/Data/Managed'
Mono path[1] = 'C:/Program Files/Unity/Hub/Editor/6000.0.5f1/Editor/Data/MonoBleedingEdge/lib/mono/unityjit-win32'
Mono config path = 'C:/Program Files/Unity/Hub/Editor/6000.0.5f1/Editor/Data/MonoBleedingEdge/etc'
Using monoOptions --debugger-agent=transport=dt_socket,embedding=1,server=y,suspend=n,address=127.0.0.1:56760
Begin MonoManager ReloadAssembly
Registering precompiled unity dll's ...
Register platform support module: C:/Program Files/Unity/Hub/Editor/6000.0.5f1/Editor/Data/PlaybackEngines/WindowsStandaloneSupport/UnityEditor.WindowsStandalone.Extensions.dll
Register platform support module: C:/Program Files/Unity/Hub/Editor/6000.0.5f1/Editor/Data/PlaybackEngines/AndroidPlayer/UnityEditor.Android.Extensions.dll
Registered in 0.003621 seconds.
- Loaded All Assemblies, in  0.287 seconds
Native extension for Android target not found
Android Extension - Scanning For ADB Devices 241 ms
Native extension for WindowsStandalone target not found
Mono: successfully reloaded assembly
- Finished resetting the current domain, in  0.590 seconds
Domain Reload Profiling: 875ms
	BeginReloadAssembly (97ms)
		ExecutionOrderSort (0ms)
		DisableScriptedObjects (0ms)
		BackupInstance (0ms)
		ReleaseScriptingObjects (0ms)
		CreateAndSetChildDomain (1ms)
	RebuildCommonClasses (26ms)
	RebuildNativeTypeToScriptingClass (9ms)
	initialDomainReloadingComplete (40ms)
	LoadAllAssembliesAndSetupDomain (112ms)
		LoadAssemblies (95ms)
		RebuildTransferFunctionScriptingTraits (0ms)
		AnalyzeDomain (110ms)
			TypeCache.Refresh (109ms)
				TypeCache.ScanAssembly (99ms)
			BuildScriptInfoCaches (0ms)
			ResolveRequiredComponents (0ms)
	FinalizeReload (590ms)
		ReleaseScriptCaches (0ms)
		RebuildScriptCaches (0ms)
		SetupLoadedEditorAssemblies (546ms)
			LogAssemblyErrors (0ms)
			InitializePlatformSupportModulesInManaged (335ms)
			SetLoadedEditorAssemblies (3ms)
			BeforeProcessingInitializeOnLoad (4ms)
			ProcessInitializeOnLoadAttributes (84ms)
			ProcessInitializeOnLoadMethodAttributes (120ms)
			AfterProcessingInitializeOnLoad (0ms)
			EditorAssembliesLoaded (0ms)
		ExecutionOrderSort2 (0ms)
		AwakeInstancesAfterBackupRestoration (0ms)
========================================================================
Worker process is ready to serve import requests
Import Worker Mode flag is 0x00
Begin MonoManager ReloadAssembly
- Loaded All Assemblies, in  0.751 seconds
Refreshing native plugins compatible for Editor in 5.46 ms, found 4 plugins.
Native extension for Android target not found
Native extension for WindowsStandalone target not found
Mono: successfully reloaded assembly
Package Manager log level set to [2]
[Package Manager] Failed to launch server process. Reason: Unity was launched with the -noUpm command-line argument
[Package Manager] Unable to send message (not connected to server process).
[Package Manager] Cannot connect to Unity Package Manager local server
[Package Manager] Failed to launch server process. Reason: Unity was launched with the -noUpm command-line argument
[Package Manager] Unable to send message (not connected to server process).
[Package Manager] Cannot connect to Unity Package Manager local server
- Finished resetting the current domain, in  0.673 seconds
Domain Reload Profiling: 1419ms
	BeginReloadAssembly (315ms)
		ExecutionOrderSort (0ms)
		DisableScriptedObjects (5ms)
		BackupInstance (0ms)
		ReleaseScriptingObjects (0ms)
		CreateAndSetChildDomain (28ms)
	RebuildCommonClasses (28ms)
	RebuildNativeTypeToScriptingClass (9ms)
	initialDomainReloadingComplete (31ms)
	LoadAllAssembliesAndSetupDomain (362ms)
		LoadAssemblies (278ms)
		RebuildTransferFunctionScriptingTraits (0ms)
		AnalyzeDomain (166ms)
			TypeCache.Refresh (117ms)
				TypeCache.ScanAssembly (104ms)
			BuildScriptInfoCaches (41ms)
			ResolveRequiredComponents (6ms)
	FinalizeReload (674ms)
		ReleaseScriptCaches (0ms)
		RebuildScriptCaches (0ms)
		SetupLoadedEditorAssemblies (480ms)
			LogAssemblyErrors (0ms)
			InitializePlatformSupportModulesInManaged (17ms)
			SetLoadedEditorAssemblies (3ms)
			BeforeProcessingInitializeOnLoad (51ms)
			ProcessInitializeOnLoadAttributes (265ms)
			ProcessInitializeOnLoadMethodAttributes (140ms)
			AfterProcessingInitializeOnLoad (5ms)
			EditorAssembliesLoaded (0ms)
		ExecutionOrderSort2 (0ms)
		AwakeInstancesAfterBackupRestoration (5ms)
Launched and connected shader compiler UnityShaderCompiler.exe after 0.01 seconds
Refreshing native plugins compatible for Editor in 4.29 ms, found 4 plugins.
Preloading 0 native plugins for Editor in 0.00 ms.
Unloading 28 Unused Serialized files (Serialized files now loaded: 0)
Unloading 4652 unused Assets / (0.9 MB). Loaded Objects now: 5230.
Memory consumption went from 122.9 MB to 122.0 MB.
Total: 6.138300 ms (FindLiveObjects: 0.449300 ms CreateObjectMapping: 0.217000 ms MarkObjects: 4.586700 ms  DeleteObjects: 0.884900 ms)

========================================================================
Received Import Request.
  Time since last request: 84915.673163 seconds.
  path: Assets/Free_pixel_food_16x16/Free_pixel_food_16x16/Icons/soymilk_almond.png
  artifactKey: Guid(0462efc684dc43c498a2bc24bd78f4cd) Importer(815301076,1909f56bfc062723c751e8b465ee728b)
Start importing Assets/Free_pixel_food_16x16/Free_pixel_food_16x16/Icons/soymilk_almond.png using Guid(0462efc684dc43c498a2bc24bd78f4cd) Importer(815301076,1909f56bfc062723c751e8b465ee728b) (PreviewImporter)[PhysX] Initialized MultithreadedTaskDispatcher with 8 workers.
[PhysX] Initialized MultithreadedTaskDispatcher with 8 workers.
 -> (artifact id: 'aa2b015060b9e90762c93bb744bf1ac7') in 0.0824493 seconds
Number of updated asset objects reloaded before import = 0Number of asset objects unloaded after import = 3

========================================================================
Received Import Request.
  Time since last request: 0.000018 seconds.
  path: Assets/Free_pixel_food_16x16/Free_pixel_food_16x16/Icons/soymilk_choco.png
  artifactKey: Guid(e36186355a78fc841981535d2c968861) Importer(815301076,1909f56bfc062723c751e8b465ee728b)
Start importing Assets/Free_pixel_food_16x16/Free_pixel_food_16x16/Icons/soymilk_choco.png using Guid(e36186355a78fc841981535d2c968861) Importer(815301076,1909f56bfc062723c751e8b465ee728b) (PreviewImporter)[PhysX] Initialized MultithreadedTaskDispatcher with 8 workers.
[PhysX] Initialized MultithreadedTaskDispatcher with 8 workers.
 -> (artifact id: '469dc28a3735535b50c3597278291399') in 0.0106022 seconds
Number of updated asset objects reloaded before import = 0Number of asset objects unloaded after import = 3

========================================================================
Received Import Request.
  Time since last request: 0.000019 seconds.
  path: Assets/Free_pixel_food_16x16/Free_pixel_food_16x16/Icons/soymilk_match.png
  artifactKey: Guid(36f7c84713b27ee4d837d3807c3d0fd1) Importer(815301076,1909f56bfc062723c751e8b465ee728b)
Start importing Assets/Free_pixel_food_16x16/Free_pixel_food_16x16/Icons/soymilk_match.png using Guid(36f7c84713b27ee4d837d3807c3d0fd1) Importer(815301076,1909f56bfc062723c751e8b465ee728b) (PreviewImporter)[PhysX] Initialized MultithreadedTaskDispatcher with 8 workers.
[PhysX] Initialized MultithreadedTaskDispatcher with 8 workers.
 -> (artifact id: '17756b793c5b6db09b894eec7ef64419') in 0.0110179 seconds
Number of updated asset objects reloaded before import = 0Number of asset objects unloaded after import = 3

========================================================================
Received Import Request.
  Time since last request: 0.000016 seconds.
  path: Assets/Free_pixel_food_16x16/Free_pixel_food_16x16/Icons/vegetable_bellpepper_yellow.png
  artifactKey: Guid(09247b8416c9e6a499ed09632353362e) Importer(815301076,1909f56bfc062723c751e8b465ee728b)
Start importing Assets/Free_pixel_food_16x16/Free_pixel_food_16x16/Icons/vegetable_bellpepper_yellow.png using Guid(09247b8416c9e6a499ed09632353362e) Importer(815301076,1909f56bfc062723c751e8b465ee728b) (PreviewImporter)[PhysX] Initialized MultithreadedTaskDispatcher with 8 workers.
[PhysX] Initialized MultithreadedTaskDispatcher with 8 workers.
 -> (artifact id: 'c581d2afc9651bd1b610e5c7f846f5ca') in 0.009517 seconds
Number of updated asset objects reloaded before import = 0Number of asset objects unloaded after import = 3

========================================================================
Received Import Request.
  Time since last request: 0.000015 seconds.
  path: Assets/Free_pixel_food_16x16/Free_pixel_food_16x16/Icons/vegetable_corn.png
  artifactKey: Guid(8e93e0b992a712e44a07349ce46fae31) Importer(815301076,1909f56bfc062723c751e8b465ee728b)
Start importing Assets/Free_pixel_food_16x16/Free_pixel_food_16x16/Icons/vegetable_corn.png using Guid(8e93e0b992a712e44a07349ce46fae31) Importer(815301076,1909f56bfc062723c751e8b465ee728b) (PreviewImporter)[PhysX] Initialized MultithreadedTaskDispatcher with 8 workers.
[PhysX] Initialized MultithreadedTaskDispatcher with 8 workers.
 -> (artifact id: '802123348bdc8125bf227a43291bea13') in 0.0096862 seconds
Number of updated asset objects reloaded before import = 0Number of asset objects unloaded after import = 3

========================================================================
Received Import Request.
  Time since last request: 0.000013 seconds.
  path: Assets/Free_pixel_food_16x16/Free_pixel_food_16x16/Icons/vegetable_eggplant.png
  artifactKey: Guid(7bac312840097e643b4b9ed078ad7e61) Importer(815301076,1909f56bfc062723c751e8b465ee728b)
Start importing Assets/Free_pixel_food_16x16/Free_pixel_food_16x16/Icons/vegetable_eggplant.png using Guid(7bac312840097e643b4b9ed078ad7e61) Importer(815301076,1909f56bfc062723c751e8b465ee728b) (PreviewImporter)[PhysX] Initialized MultithreadedTaskDispatcher with 8 workers.
[PhysX] Initialized MultithreadedTaskDispatcher with 8 workers.
 -> (artifact id: '7935fb5de2b6ab9747e04e5885b941ca') in 0.0110127 seconds
Number of updated asset objects reloaded before import = 0Number of asset objects unloaded after import = 3

========================================================================
Received Import Request.
  Time since last request: 0.000017 seconds.
  path: Assets/Free_pixel_food_16x16/Free_pixel_food_16x16/Icons/soymilk_mango.png
  artifactKey: Guid(c0e0c6e03c658ff46a7ab63fc8fe09de) Importer(815301076,1909f56bfc062723c751e8b465ee728b)
Start importing Assets/Free_pixel_food_16x16/Free_pixel_food_16x16/Icons/soymilk_mango.png using Guid(c0e0c6e03c658ff46a7ab63fc8fe09de) Importer(815301076,1909f56bfc062723c751e8b465ee728b) (PreviewImporter)[PhysX] Initialized MultithreadedTaskDispatcher with 8 workers.
[PhysX] Initialized MultithreadedTaskDispatcher with 8 workers.
 -> (artifact id: '471ceecaebda45066847e0ef236d4579') in 0.009529 seconds
Number of updated asset objects reloaded before import = 0Number of asset objects unloaded after import = 3

========================================================================
Received Import Request.
  Time since last request: 0.000015 seconds.
  path: Assets/Free_pixel_food_16x16/Free_pixel_food_16x16/Icons/vegetable_potato.png
  artifactKey: Guid(09e4c3cdfaa909f43a8d63a10228391b) Importer(815301076,1909f56bfc062723c751e8b465ee728b)
Start importing Assets/Free_pixel_food_16x16/Free_pixel_food_16x16/Icons/vegetable_potato.png using Guid(09e4c3cdfaa909f43a8d63a10228391b) Importer(815301076,1909f56bfc062723c751e8b465ee728b) (PreviewImporter)[PhysX] Initialized MultithreadedTaskDispatcher with 8 workers.
[PhysX] Initialized MultithreadedTaskDispatcher with 8 workers.
 -> (artifact id: '56153377c79e06bdf0861dec85b0d89c') in 0.0087437 seconds
Number of updated asset objects reloaded before import = 0Number of asset objects unloaded after import = 3

========================================================================
Received Import Request.
  Time since last request: 0.000014 seconds.
  path: Assets/Free_pixel_food_16x16/Free_pixel_food_16x16/Icons/vegetable_tomato.png
  artifactKey: Guid(a6c80d1a99801ff4d80a89093a032a25) Importer(815301076,1909f56bfc062723c751e8b465ee728b)
Start importing Assets/Free_pixel_food_16x16/Free_pixel_food_16x16/Icons/vegetable_tomato.png using Guid(a6c80d1a99801ff4d80a89093a032a25) Importer(815301076,1909f56bfc062723c751e8b465ee728b) (PreviewImporter)[PhysX] Initialized MultithreadedTaskDispatcher with 8 workers.
[PhysX] Initialized MultithreadedTaskDispatcher with 8 workers.
 -> (artifact id: 'aa311951c0b02f42970cda0b80752e71') in 0.0112363 seconds
Number of updated asset objects reloaded before import = 0Number of asset objects unloaded after import = 3

========================================================================
Received Import Request.
  Time since last request: 0.000020 seconds.
  path: Assets/milkshake_MilesPrower/milkshake_MilesPrower/WaterMelonMilkShake.png
  artifactKey: Guid(cb21f49fe889ba24aa2ca5347c1f7883) Importer(815301076,1909f56bfc062723c751e8b465ee728b)
Start importing Assets/milkshake_MilesPrower/milkshake_MilesPrower/WaterMelonMilkShake.png using Guid(cb21f49fe889ba24aa2ca5347c1f7883) Importer(815301076,1909f56bfc062723c751e8b465ee728b) (PreviewImporter)[PhysX] Initialized MultithreadedTaskDispatcher with 8 workers.
[PhysX] Initialized MultithreadedTaskDispatcher with 8 workers.
 -> (artifact id: '761dfd8230269ae7fb680a9bda2d5425') in 0.0150825 seconds
Number of updated asset objects reloaded before import = 0Number of asset objects unloaded after import = 3

========================================================================
Received Import Request.
  Time since last request: 0.000018 seconds.
  path: Assets/FREE Mana Seed Character Base Demo/guides/timing sample gifs/walking sample.gif
  artifactKey: Guid(16c0a648264814943b4515ee8e5f1ba6) Importer(815301076,1909f56bfc062723c751e8b465ee728b)
Start importing Assets/FREE Mana Seed Character Base Demo/guides/timing sample gifs/walking sample.gif using Guid(16c0a648264814943b4515ee8e5f1ba6) Importer(815301076,1909f56bfc062723c751e8b465ee728b) (PreviewImporter)[PhysX] Initialized MultithreadedTaskDispatcher with 8 workers.
[PhysX] Initialized MultithreadedTaskDispatcher with 8 workers.
 -> (artifact id: '0468299fd15134c1f435da425915e88c') in 0.0134146 seconds
Number of updated asset objects reloaded before import = 0Number of asset objects unloaded after import = 3

========================================================================
Received Import Request.
  Time since last request: 0.000013 seconds.
  path: Assets/Free_pixel_food_16x16/Free_pixel_food_16x16/Icons/soymilk_coffee.png
  artifactKey: Guid(4dedc3bc27f97de4ba20a2d8f4b9b33d) Importer(815301076,1909f56bfc062723c751e8b465ee728b)
Start importing Assets/Free_pixel_food_16x16/Free_pixel_food_16x16/Icons/soymilk_coffee.png using Guid(4dedc3bc27f97de4ba20a2d8f4b9b33d) Importer(815301076,1909f56bfc062723c751e8b465ee728b) (PreviewImporter)[PhysX] Initialized MultithreadedTaskDispatcher with 8 workers.
[PhysX] Initialized MultithreadedTaskDispatcher with 8 workers.
 -> (artifact id: '5ccbcba3bc10dd53decef4d97a5959ce') in 0.0088134 seconds
Number of updated asset objects reloaded before import = 0Number of asset objects unloaded after import = 3

========================================================================
Received Import Request.
  Time since last request: 0.000013 seconds.
  path: Assets/Free_pixel_food_16x16/Free_pixel_food_16x16/Icons/vegetable_bellpepper_green.png
  artifactKey: Guid(1da28f3d5f618424a98c56dd1098e6bc) Importer(815301076,1909f56bfc062723c751e8b465ee728b)
Start importing Assets/Free_pixel_food_16x16/Free_pixel_food_16x16/Icons/vegetable_bellpepper_green.png using Guid(1da28f3d5f618424a98c56dd1098e6bc) Importer(815301076,1909f56bfc062723c751e8b465ee728b) (PreviewImporter)[PhysX] Initialized MultithreadedTaskDispatcher with 8 workers.
[PhysX] Initialized MultithreadedTaskDispatcher with 8 workers.
 -> (artifact id: 'b153960d11e00bf325be541fba5f23cc') in 0.0111851 seconds
Number of updated asset objects reloaded before import = 0Number of asset objects unloaded after import = 3

========================================================================
Received Import Request.
  Time since last request: 0.000018 seconds.
  path: Assets/Free_pixel_food_16x16/Free_pixel_food_16x16/Icons/soymilk_banana.png
  artifactKey: Guid(1b8d0df3b649fd440b20951c76091229) Importer(815301076,1909f56bfc062723c751e8b465ee728b)
Start importing Assets/Free_pixel_food_16x16/Free_pixel_food_16x16/Icons/soymilk_banana.png using Guid(1b8d0df3b649fd440b20951c76091229) Importer(815301076,1909f56bfc062723c751e8b465ee728b) (PreviewImporter)[PhysX] Initialized MultithreadedTaskDispatcher with 8 workers.
[PhysX] Initialized MultithreadedTaskDispatcher with 8 workers.
 -> (artifact id: '75cf4b07d5e126cac6ef83720cf6f4e1') in 0.0109463 seconds
Number of updated asset objects reloaded before import = 0Number of asset objects unloaded after import = 3

========================================================================
Received Import Request.
  Time since last request: 2.804210 seconds.
  path: Assets/FreeGUI/png/Window.png
  artifactKey: Guid(d0acde537fe9967478e0cc7ba539aadd) Importer(815301076,1909f56bfc062723c751e8b465ee728b)
Start importing Assets/FreeGUI/png/Window.png using Guid(d0acde537fe9967478e0cc7ba539aadd) Importer(815301076,1909f56bfc062723c751e8b465ee728b) (PreviewImporter)[PhysX] Initialized MultithreadedTaskDispatcher with 8 workers.
[PhysX] Initialized MultithreadedTaskDispatcher with 8 workers.
 -> (artifact id: '4978ee6c467ca1a5321428006566ef63') in 0.0449507 seconds
Number of updated asset objects reloaded before import = 0Number of asset objects unloaded after import = 5

========================================================================
Received Import Request.
  Time since last request: 0.377188 seconds.
  path: Assets/Free_pixel_food_16x16/Free_pixel_food_16x16/Icons/popsicle_pink.png
  artifactKey: Guid(d6036a57859c8414a817eb5457e49e29) Importer(815301076,1909f56bfc062723c751e8b465ee728b)
Start importing Assets/Free_pixel_food_16x16/Free_pixel_food_16x16/Icons/popsicle_pink.png using Guid(d6036a57859c8414a817eb5457e49e29) Importer(815301076,1909f56bfc062723c751e8b465ee728b) (PreviewImporter)[PhysX] Initialized MultithreadedTaskDispatcher with 8 workers.
[PhysX] Initialized MultithreadedTaskDispatcher with 8 workers.
 -> (artifact id: '2bf01eb67ed33d2169a296453f745490') in 0.010558 seconds
Number of updated asset objects reloaded before import = 0Number of asset objects unloaded after import = 3

========================================================================
Received Import Request.
  Time since last request: 0.033262 seconds.
  path: Assets/Free_pixel_food_16x16/Free_pixel_food_16x16/Icons/onigiri_5.png
  artifactKey: Guid(f3f51253296ba2f4e9b771da065035e7) Importer(815301076,1909f56bfc062723c751e8b465ee728b)
Start importing Assets/Free_pixel_food_16x16/Free_pixel_food_16x16/Icons/onigiri_5.png using Guid(f3f51253296ba2f4e9b771da065035e7) Importer(815301076,1909f56bfc062723c751e8b465ee728b) (PreviewImporter)[PhysX] Initialized MultithreadedTaskDispatcher with 8 workers.
[PhysX] Initialized MultithreadedTaskDispatcher with 8 workers.
 -> (artifact id: 'e404c1a092cf70610cdbf84c12b827ee') in 0.009783 seconds
Number of updated asset objects reloaded before import = 0Number of asset objects unloaded after import = 3

========================================================================
Received Import Request.
  Time since last request: 0.001680 seconds.
  path: Assets/Free_pixel_food_16x16/Free_pixel_food_16x16/Icons/pastry_baguette.png
  artifactKey: Guid(c626e82e35b54aa438ff1b2955e9c0fe) Importer(815301076,1909f56bfc062723c751e8b465ee728b)
Start importing Assets/Free_pixel_food_16x16/Free_pixel_food_16x16/Icons/pastry_baguette.png using Guid(c626e82e35b54aa438ff1b2955e9c0fe) Importer(815301076,1909f56bfc062723c751e8b465ee728b) (PreviewImporter)[PhysX] Initialized MultithreadedTaskDispatcher with 8 workers.
[PhysX] Initialized MultithreadedTaskDispatcher with 8 workers.
 -> (artifact id: '9483318a5a0947c9638c845e4abdc8d4') in 0.014043 seconds
Number of updated asset objects reloaded before import = 0Number of asset objects unloaded after import = 3

========================================================================
Received Import Request.
  Time since last request: 0.000014 seconds.
  path: Assets/Free_pixel_food_16x16/Free_pixel_food_16x16/Icons/pastry_bread.png
  artifactKey: Guid(d700ceb448e58fc42a7c3dfad71e1818) Importer(815301076,1909f56bfc062723c751e8b465ee728b)
Start importing Assets/Free_pixel_food_16x16/Free_pixel_food_16x16/Icons/pastry_bread.png using Guid(d700ceb448e58fc42a7c3dfad71e1818) Importer(815301076,1909f56bfc062723c751e8b465ee728b) (PreviewImporter)[PhysX] Initialized MultithreadedTaskDispatcher with 8 workers.
[PhysX] Initialized MultithreadedTaskDispatcher with 8 workers.
 -> (artifact id: 'f486bd382599d95f01fac108586bfb42') in 0.0106825 seconds
Number of updated asset objects reloaded before import = 0Number of asset objects unloaded after import = 3

========================================================================
Received Import Request.
  Time since last request: 0.000018 seconds.
  path: Assets/Free_pixel_food_16x16/Free_pixel_food_16x16/Icons/pastry_pretzel.png
  artifactKey: Guid(1c7ab2e4a4992c349bc9da24b9046b98) Importer(815301076,1909f56bfc062723c751e8b465ee728b)
Start importing Assets/Free_pixel_food_16x16/Free_pixel_food_16x16/Icons/pastry_pretzel.png using Guid(1c7ab2e4a4992c349bc9da24b9046b98) Importer(815301076,1909f56bfc062723c751e8b465ee728b) (PreviewImporter)[PhysX] Initialized MultithreadedTaskDispatcher with 8 workers.
[PhysX] Initialized MultithreadedTaskDispatcher with 8 workers.
 -> (artifact id: '287ec0ebfc58e2d1fe6860bce343e983') in 0.0136753 seconds
Number of updated asset objects reloaded before import = 0Number of asset objects unloaded after import = 3

========================================================================
Received Import Request.
  Time since last request: 0.033005 seconds.
  path: Assets/Free_pixel_food_16x16/Free_pixel_food_16x16/Icons/onigiri_3.png
  artifactKey: Guid(dadc0680bb9858d46ac4c23ee34dfd6f) Importer(815301076,1909f56bfc062723c751e8b465ee728b)
Start importing Assets/Free_pixel_food_16x16/Free_pixel_food_16x16/Icons/onigiri_3.png using Guid(dadc0680bb9858d46ac4c23ee34dfd6f) Importer(815301076,1909f56bfc062723c751e8b465ee728b) (PreviewImporter)[PhysX] Initialized MultithreadedTaskDispatcher with 8 workers.
[PhysX] Initialized MultithreadedTaskDispatcher with 8 workers.
 -> (artifact id: '01239e94527af0702aa8cc2e6ce19384') in 0.0113572 seconds
Number of updated asset objects reloaded before import = 0Number of asset objects unloaded after import = 3

========================================================================
Received Import Request.
  Time since last request: 0.564541 seconds.
  path: Assets/Free_pixel_food_16x16/Free_pixel_food_16x16/Icons/icecream_3scoops.png
  artifactKey: Guid(5591ad2075546a24f88ac8ea2dd3795b) Importer(815301076,1909f56bfc062723c751e8b465ee728b)
Start importing Assets/Free_pixel_food_16x16/Free_pixel_food_16x16/Icons/icecream_3scoops.png using Guid(5591ad2075546a24f88ac8ea2dd3795b) Importer(815301076,1909f56bfc062723c751e8b465ee728b) (PreviewImporter)[PhysX] Initialized MultithreadedTaskDispatcher with 8 workers.
[PhysX] Initialized MultithreadedTaskDispatcher with 8 workers.
 -> (artifact id: 'ce81ffcd41a88a125219c9751e8e230c') in 0.0106198 seconds
Number of updated asset objects reloaded before import = 0Number of asset objects unloaded after import = 3

========================================================================
Received Import Request.
  Time since last request: 0.001589 seconds.
  path: Assets/Free_pixel_food_16x16/Free_pixel_food_16x16/Icons/jam_kiwi.png
  artifactKey: Guid(f6ca00f32dcca0141810ce8631d79197) Importer(815301076,1909f56bfc062723c751e8b465ee728b)
Start importing Assets/Free_pixel_food_16x16/Free_pixel_food_16x16/Icons/jam_kiwi.png using Guid(f6ca00f32dcca0141810ce8631d79197) Importer(815301076,1909f56bfc062723c751e8b465ee728b) (PreviewImporter)[PhysX] Initialized MultithreadedTaskDispatcher with 8 workers.
[PhysX] Initialized MultithreadedTaskDispatcher with 8 workers.
 -> (artifact id: '0bc75aa75f1c6d71e2194ae4ebebee7b') in 0.0102933 seconds
Number of updated asset objects reloaded before import = 0Number of asset objects unloaded after import = 3

========================================================================
Received Import Request.
  Time since last request: 0.024257 seconds.
  path: Assets/Free_pixel_food_16x16/Free_pixel_food_16x16/Icons/fruit_orange_slice.png
  artifactKey: Guid(978ffdfa6392f014e9d677b381909c03) Importer(815301076,1909f56bfc062723c751e8b465ee728b)
Start importing Assets/Free_pixel_food_16x16/Free_pixel_food_16x16/Icons/fruit_orange_slice.png using Guid(978ffdfa6392f014e9d677b381909c03) Importer(815301076,1909f56bfc062723c751e8b465ee728b) (PreviewImporter)[PhysX] Initialized MultithreadedTaskDispatcher with 8 workers.
[PhysX] Initialized MultithreadedTaskDispatcher with 8 workers.
 -> (artifact id: '16012b7d6eda803392f422da5f3744e3') in 0.0108221 seconds
Number of updated asset objects reloaded before import = 0Number of asset objects unloaded after import = 3

========================================================================
Received Import Request.
  Time since last request: 0.000934 seconds.
  path: Assets/Free_pixel_food_16x16/Free_pixel_food_16x16/Icons/fruit_watermelon.png
  artifactKey: Guid(7437b6b3a052623458439d64cb434a32) Importer(815301076,1909f56bfc062723c751e8b465ee728b)
Start importing Assets/Free_pixel_food_16x16/Free_pixel_food_16x16/Icons/fruit_watermelon.png using Guid(7437b6b3a052623458439d64cb434a32) Importer(815301076,1909f56bfc062723c751e8b465ee728b) (PreviewImporter)[PhysX] Initialized MultithreadedTaskDispatcher with 8 workers.
[PhysX] Initialized MultithreadedTaskDispatcher with 8 workers.
 -> (artifact id: 'fb80593a8aa05d70458428f095b4ce98') in 0.009198 seconds
Number of updated asset objects reloaded before import = 0Number of asset objects unloaded after import = 3

========================================================================
Received Import Request.
  Time since last request: 0.460181 seconds.
  path: Assets/Free_pixel_food_16x16/Free_pixel_food_16x16/Icons/fruit_blueberry.png
  artifactKey: Guid(202ea13f2544f0d418dcf7db48ba841d) Importer(815301076,1909f56bfc062723c751e8b465ee728b)
Start importing Assets/Free_pixel_food_16x16/Free_pixel_food_16x16/Icons/fruit_blueberry.png using Guid(202ea13f2544f0d418dcf7db48ba841d) Importer(815301076,1909f56bfc062723c751e8b465ee728b) (PreviewImporter)[PhysX] Initialized MultithreadedTaskDispatcher with 8 workers.
[PhysX] Initialized MultithreadedTaskDispatcher with 8 workers.
 -> (artifact id: '9e81ec5df6fbb5e5533b89ec4b2e6a9c') in 0.0102605 seconds
Number of updated asset objects reloaded before import = 0Number of asset objects unloaded after import = 3

========================================================================
Received Import Request.
  Time since last request: 0.001101 seconds.
  path: Assets/Free_pixel_food_16x16/Free_pixel_food_16x16/Icons/fruit_greengrape.png
  artifactKey: Guid(d0be4989986ee5f4fbe05195b092cc16) Importer(815301076,1909f56bfc062723c751e8b465ee728b)
Start importing Assets/Free_pixel_food_16x16/Free_pixel_food_16x16/Icons/fruit_greengrape.png using Guid(d0be4989986ee5f4fbe05195b092cc16) Importer(815301076,1909f56bfc062723c751e8b465ee728b) (PreviewImporter)[PhysX] Initialized MultithreadedTaskDispatcher with 8 workers.
[PhysX] Initialized MultithreadedTaskDispatcher with 8 workers.
 -> (artifact id: 'de5b5dfce633f73f455887580dd38316') in 0.0087836 seconds
Number of updated asset objects reloaded before import = 0Number of asset objects unloaded after import = 3

========================================================================
Received Import Request.
  Time since last request: 0.024141 seconds.
  path: Assets/Free_pixel_food_16x16/Free_pixel_food_16x16/Icons/eggs_overeasy.png
  artifactKey: Guid(9097e559518607c4789bf13f5891d5c8) Importer(815301076,1909f56bfc062723c751e8b465ee728b)
Start importing Assets/Free_pixel_food_16x16/Free_pixel_food_16x16/Icons/eggs_overeasy.png using Guid(9097e559518607c4789bf13f5891d5c8) Importer(815301076,1909f56bfc062723c751e8b465ee728b) (PreviewImporter)[PhysX] Initialized MultithreadedTaskDispatcher with 8 workers.
[PhysX] Initialized MultithreadedTaskDispatcher with 8 workers.
 -> (artifact id: '9b367a1586178f710eefa1d96ca784bd') in 0.0092541 seconds
Number of updated asset objects reloaded before import = 0Number of asset objects unloaded after import = 3

========================================================================
Received Import Request.
  Time since last request: 0.002465 seconds.
  path: Assets/Free_pixel_food_16x16/Free_pixel_food_16x16/Icons/eggs_white.png
  artifactKey: Guid(f4a9b3552e408f349a4e01b5de4fc0bd) Importer(815301076,1909f56bfc062723c751e8b465ee728b)
Start importing Assets/Free_pixel_food_16x16/Free_pixel_food_16x16/Icons/eggs_white.png using Guid(f4a9b3552e408f349a4e01b5de4fc0bd) Importer(815301076,1909f56bfc062723c751e8b465ee728b) (PreviewImporter)[PhysX] Initialized MultithreadedTaskDispatcher with 8 workers.
[PhysX] Initialized MultithreadedTaskDispatcher with 8 workers.
 -> (artifact id: 'cf08a815b00d57e20f693666c14ac3b7') in 0.0091277 seconds
Number of updated asset objects reloaded before import = 0Number of asset objects unloaded after import = 3

========================================================================
Received Import Request.
  Time since last request: 0.147046 seconds.
  path: Assets/Free_pixel_food_16x16/Free_pixel_food_16x16/Icons/coffee_lightroast.png
  artifactKey: Guid(e477925d5fb71ca4a8dddac41b6f5e10) Importer(815301076,1909f56bfc062723c751e8b465ee728b)
Start importing Assets/Free_pixel_food_16x16/Free_pixel_food_16x16/Icons/coffee_lightroast.png using Guid(e477925d5fb71ca4a8dddac41b6f5e10) Importer(815301076,1909f56bfc062723c751e8b465ee728b) (PreviewImporter)[PhysX] Initialized MultithreadedTaskDispatcher with 8 workers.
[PhysX] Initialized MultithreadedTaskDispatcher with 8 workers.
 -> (artifact id: 'f431c46f609fa362b9787023a30e8b62') in 0.0093126 seconds
Number of updated asset objects reloaded before import = 0Number of asset objects unloaded after import = 3

========================================================================
Received Import Request.
  Time since last request: 0.002896 seconds.
  path: Assets/Free_pixel_food_16x16/Free_pixel_food_16x16/Icons/coffee_mocha.png
  artifactKey: Guid(c1661182f47a1be498b759ff3a25a4a7) Importer(815301076,1909f56bfc062723c751e8b465ee728b)
Start importing Assets/Free_pixel_food_16x16/Free_pixel_food_16x16/Icons/coffee_mocha.png using Guid(c1661182f47a1be498b759ff3a25a4a7) Importer(815301076,1909f56bfc062723c751e8b465ee728b) (PreviewImporter)[PhysX] Initialized MultithreadedTaskDispatcher with 8 workers.
[PhysX] Initialized MultithreadedTaskDispatcher with 8 workers.
 -> (artifact id: 'a37caf72f2de1cd5fd7d06fea3328164') in 0.0093827 seconds
Number of updated asset objects reloaded before import = 0Number of asset objects unloaded after import = 3

========================================================================
Received Import Request.
  Time since last request: 0.119685 seconds.
  path: Assets/Free_pixel_food_16x16/Free_pixel_food_16x16/Icons/coffee_espresso.png
  artifactKey: Guid(ac140b9f35664cc4c9f5011d41c18347) Importer(815301076,1909f56bfc062723c751e8b465ee728b)
Start importing Assets/Free_pixel_food_16x16/Free_pixel_food_16x16/Icons/coffee_espresso.png using Guid(ac140b9f35664cc4c9f5011d41c18347) Importer(815301076,1909f56bfc062723c751e8b465ee728b) (PreviewImporter)[PhysX] Initialized MultithreadedTaskDispatcher with 8 workers.
[PhysX] Initialized MultithreadedTaskDispatcher with 8 workers.
 -> (artifact id: 'd86cec09e5064542cabd3eb594a892f0') in 0.0154052 seconds
Number of updated asset objects reloaded before import = 0Number of asset objects unloaded after import = 3

========================================================================
Received Import Request.
  Time since last request: 0.599638 seconds.
  path: Assets/FREE Mana Seed Character Base Demo/char_a_p1/5hat/char_a_p1_5hat_pnty_v04.png
  artifactKey: Guid(5c3044bf3f17af44a89c7bbd71856576) Importer(815301076,1909f56bfc062723c751e8b465ee728b)
Start importing Assets/FREE Mana Seed Character Base Demo/char_a_p1/5hat/char_a_p1_5hat_pnty_v04.png using Guid(5c3044bf3f17af44a89c7bbd71856576) Importer(815301076,1909f56bfc062723c751e8b465ee728b) (PreviewImporter)[PhysX] Initialized MultithreadedTaskDispatcher with 8 workers.
[PhysX] Initialized MultithreadedTaskDispatcher with 8 workers.
 -> (artifact id: '8c95abe6be3f6b91b5e33626541069f4') in 0.0160742 seconds
Number of updated asset objects reloaded before import = 0Number of asset objects unloaded after import = 3

========================================================================
Received Import Request.
  Time since last request: 0.001253 seconds.
  path: Assets/Free_pixel_food_16x16/Free_pixel_food_16x16/Icons/cheese_mozzarella.png
  artifactKey: Guid(35362ee90e595644987b514677ace7ef) Importer(815301076,1909f56bfc062723c751e8b465ee728b)
Start importing Assets/Free_pixel_food_16x16/Free_pixel_food_16x16/Icons/cheese_mozzarella.png using Guid(35362ee90e595644987b514677ace7ef) Importer(815301076,1909f56bfc062723c751e8b465ee728b) (PreviewImporter)[PhysX] Initialized MultithreadedTaskDispatcher with 8 workers.
[PhysX] Initialized MultithreadedTaskDispatcher with 8 workers.
 -> (artifact id: '0cb6e77a3d4a738c44ffbcac7c72f52d') in 0.0112795 seconds
Number of updated asset objects reloaded before import = 0Number of asset objects unloaded after import = 3

========================================================================
Received Import Request.
  Time since last request: 0.200420 seconds.
  path: Assets/FREE Mana Seed Character Base Demo/char_a_p1/1out/char_a_p1_1out_pfpn_v04.png
  artifactKey: Guid(3631577943d05c7409471d9c143ea5cc) Importer(815301076,1909f56bfc062723c751e8b465ee728b)
Start importing Assets/FREE Mana Seed Character Base Demo/char_a_p1/1out/char_a_p1_1out_pfpn_v04.png using Guid(3631577943d05c7409471d9c143ea5cc) Importer(815301076,1909f56bfc062723c751e8b465ee728b) (PreviewImporter)[PhysX] Initialized MultithreadedTaskDispatcher with 8 workers.
[PhysX] Initialized MultithreadedTaskDispatcher with 8 workers.
 -> (artifact id: '3590b52a5dddf65f9fdb9db34eeb501b') in 0.0142505 seconds
Number of updated asset objects reloaded before import = 0Number of asset objects unloaded after import = 3

Editor requested this worker to shutdown with reason: Scaling down because of idle timeout
AssetImportWorker is now disconnected from the server
Process exiting
Exiting without the bug reporter. Application will terminate with return code 0