Using pre-set license
Built from 'trunk' branch; Version is '6000.0.5f1 (17028576122a) revision 1507973'; Using compiler version '193933522'; Build Type 'Release'
OS: 'Windows 10  (10.0.19045) 64bit Core' Language: 'en' Physical Memory: 32677 MB
BatchMode: 1, IsHumanControllingUs: 0, StartBugReporterOnCrash: 0, Is64bit: 1, IsPro: 1

COMMAND LINE ARGUMENTS:
C:\Program Files\Unity\Hub\Editor\6000.0.5f1\Editor\Unity.exe
-adb2
-batchMode
-noUpm
-name
AssetImportWorker4
-projectPath
C:/Users/Marsgaming155/Downloads/Milkshake-Madness/Milkshake Madness
-logFile
Logs/AssetImportWorker4.log
-srvPort
53836
-job-worker-count
7
-background-job-worker-count
8
-asset-garbage-collectors
1
Successfully changed project path to: C:/Users/Marsgaming155/Downloads/Milkshake-Madness/Milkshake Madness
C:/Users/Marsgaming155/Downloads/Milkshake-Madness/Milkshake Madness
[UnityMemory] Configuration Parameters - Can be set up in boot.config
    "memorysetup-bucket-allocator-granularity=16"
    "memorysetup-bucket-allocator-bucket-count=8"
    "memorysetup-bucket-allocator-block-size=33554432"
    "memorysetup-bucket-allocator-block-count=8"
    "memorysetup-main-allocator-block-size=16777216"
    "memorysetup-thread-allocator-block-size=16777216"
    "memorysetup-gfx-main-allocator-block-size=16777216"
    "memorysetup-gfx-thread-allocator-block-size=16777216"
    "memorysetup-cache-allocator-block-size=4194304"
    "memorysetup-typetree-allocator-block-size=2097152"
    "memorysetup-profiler-bucket-allocator-granularity=16"
    "memorysetup-profiler-bucket-allocator-bucket-count=8"
    "memorysetup-profiler-bucket-allocator-block-size=33554432"
    "memorysetup-profiler-bucket-allocator-block-count=8"
    "memorysetup-profiler-allocator-block-size=16777216"
    "memorysetup-profiler-editor-allocator-block-size=1048576"
    "memorysetup-temp-allocator-size-main=16777216"
    "memorysetup-job-temp-allocator-block-size=2097152"
    "memorysetup-job-temp-allocator-block-size-background=1048576"
    "memorysetup-job-temp-allocator-reduction-small-platforms=262144"
    "memorysetup-allocator-temp-initial-block-size-main=262144"
    "memorysetup-allocator-temp-initial-block-size-worker=262144"
    "memorysetup-temp-allocator-size-background-worker=32768"
    "memorysetup-temp-allocator-size-job-worker=262144"
    "memorysetup-temp-allocator-size-preload-manager=33554432"
    "memorysetup-temp-allocator-size-nav-mesh-worker=65536"
    "memorysetup-temp-allocator-size-audio-worker=65536"
    "memorysetup-temp-allocator-size-cloud-worker=32768"
    "memorysetup-temp-allocator-size-gi-baking-worker=262144"
    "memorysetup-temp-allocator-size-gi-baking-worker=262144"
    "memorysetup-temp-allocator-size-gi-baking-worker=262144"
    "memorysetup-temp-allocator-size-gi-baking-worker=262144"
    "memorysetup-temp-allocator-size-gi-baking-worker=262144"
    "memorysetup-temp-allocator-size-gfx=262144"
Player connection [19688]  Target information:

Player connection [19688]  * "[IP] 192.168.0.79 [Port] 0 [Flags] 2 [Guid] 2463078326 [EditorId] 2463078326 [Version] 1048832 [Id] WindowsEditor(7,DESKTOP-GPNQB43) [Debug] 1 [PackageName] WindowsEditor [ProjectName] Editor" 

Player connection [19688] Host joined multi-casting on [225.0.0.222:54997]...
Player connection [19688] Host joined alternative multi-casting on [225.0.0.222:34997]...
JobSystem: Creating JobQueue using job-worker-count value 7
Library Redirect Path: Library/
[PhysX] Initialized MultithreadedTaskDispatcher with 8 workers.
Refreshing native plugins compatible for Editor in 5.98 ms, found 4 plugins.
Preloading 0 native plugins for Editor in 0.00 ms.
Initialize engine version: 6000.0.5f1 (17028576122a)
[Subsystems] Discovering subsystems at path C:/Program Files/Unity/Hub/Editor/6000.0.5f1/Editor/Data/Resources/UnitySubsystems
[Subsystems] Discovering subsystems at path C:/Users/Marsgaming155/Downloads/Milkshake-Madness/Milkshake Madness/Assets
GfxDevice: creating device client; kGfxThreadingModeNonThreaded
Direct3D:
    Version:  Direct3D 11.0 [level 11.1]
    Renderer: NVIDIA GeForce GTX 1660 SUPER (ID=0x21c4)
    Vendor:   NVIDIA
    VRAM:     5966 MB
    Driver:   32.0.15.6603
Initialize mono
Mono path[0] = 'C:/Program Files/Unity/Hub/Editor/6000.0.5f1/Editor/Data/Managed'
Mono path[1] = 'C:/Program Files/Unity/Hub/Editor/6000.0.5f1/Editor/Data/MonoBleedingEdge/lib/mono/unityjit-win32'
Mono config path = 'C:/Program Files/Unity/Hub/Editor/6000.0.5f1/Editor/Data/MonoBleedingEdge/etc'
Using monoOptions --debugger-agent=transport=dt_socket,embedding=1,server=y,suspend=n,address=127.0.0.1:56080
Begin MonoManager ReloadAssembly
Registering precompiled unity dll's ...
Register platform support module: C:/Program Files/Unity/Hub/Editor/6000.0.5f1/Editor/Data/PlaybackEngines/WindowsStandaloneSupport/UnityEditor.WindowsStandalone.Extensions.dll
Register platform support module: C:/Program Files/Unity/Hub/Editor/6000.0.5f1/Editor/Data/PlaybackEngines/AndroidPlayer/UnityEditor.Android.Extensions.dll
Registered in 0.003569 seconds.
- Loaded All Assemblies, in  0.303 seconds
Native extension for Android target not found
Android Extension - Scanning For ADB Devices 232 ms
Native extension for WindowsStandalone target not found
Mono: successfully reloaded assembly
- Finished resetting the current domain, in  0.585 seconds
Domain Reload Profiling: 886ms
	BeginReloadAssembly (104ms)
		ExecutionOrderSort (0ms)
		DisableScriptedObjects (0ms)
		BackupInstance (0ms)
		ReleaseScriptingObjects (0ms)
		CreateAndSetChildDomain (1ms)
	RebuildCommonClasses (27ms)
	RebuildNativeTypeToScriptingClass (9ms)
	initialDomainReloadingComplete (43ms)
	LoadAllAssembliesAndSetupDomain (118ms)
		LoadAssemblies (102ms)
		RebuildTransferFunctionScriptingTraits (0ms)
		AnalyzeDomain (116ms)
			TypeCache.Refresh (115ms)
				TypeCache.ScanAssembly (105ms)
			BuildScriptInfoCaches (0ms)
			ResolveRequiredComponents (0ms)
	FinalizeReload (585ms)
		ReleaseScriptCaches (0ms)
		RebuildScriptCaches (0ms)
		SetupLoadedEditorAssemblies (543ms)
			LogAssemblyErrors (0ms)
			InitializePlatformSupportModulesInManaged (329ms)
			SetLoadedEditorAssemblies (3ms)
			BeforeProcessingInitializeOnLoad (4ms)
			ProcessInitializeOnLoadAttributes (86ms)
			ProcessInitializeOnLoadMethodAttributes (121ms)
			AfterProcessingInitializeOnLoad (0ms)
			EditorAssembliesLoaded (0ms)
		ExecutionOrderSort2 (0ms)
		AwakeInstancesAfterBackupRestoration (0ms)
========================================================================
Worker process is ready to serve import requests
Import Worker Mode flag is 0x00
Begin MonoManager ReloadAssembly
- Loaded All Assemblies, in  0.742 seconds
Refreshing native plugins compatible for Editor in 4.71 ms, found 4 plugins.
Native extension for Android target not found
Native extension for WindowsStandalone target not found
Mono: successfully reloaded assembly
Package Manager log level set to [2]
[Package Manager] Failed to launch server process. Reason: Unity was launched with the -noUpm command-line argument
[Package Manager] Unable to send message (not connected to server process).
[Package Manager] Cannot connect to Unity Package Manager local server
[Package Manager] Failed to launch server process. Reason: Unity was launched with the -noUpm command-line argument
[Package Manager] Unable to send message (not connected to server process).
[Package Manager] Cannot connect to Unity Package Manager local server
- Finished resetting the current domain, in  0.671 seconds
Domain Reload Profiling: 1409ms
	BeginReloadAssembly (305ms)
		ExecutionOrderSort (0ms)
		DisableScriptedObjects (5ms)
		BackupInstance (0ms)
		ReleaseScriptingObjects (0ms)
		CreateAndSetChildDomain (26ms)
	RebuildCommonClasses (28ms)
	RebuildNativeTypeToScriptingClass (9ms)
	initialDomainReloadingComplete (31ms)
	LoadAllAssembliesAndSetupDomain (365ms)
		LoadAssemblies (279ms)
		RebuildTransferFunctionScriptingTraits (0ms)
		AnalyzeDomain (165ms)
			TypeCache.Refresh (116ms)
				TypeCache.ScanAssembly (102ms)
			BuildScriptInfoCaches (43ms)
			ResolveRequiredComponents (4ms)
	FinalizeReload (671ms)
		ReleaseScriptCaches (0ms)
		RebuildScriptCaches (0ms)
		SetupLoadedEditorAssemblies (484ms)
			LogAssemblyErrors (0ms)
			InitializePlatformSupportModulesInManaged (14ms)
			SetLoadedEditorAssemblies (2ms)
			BeforeProcessingInitializeOnLoad (55ms)
			ProcessInitializeOnLoadAttributes (255ms)
			ProcessInitializeOnLoadMethodAttributes (153ms)
			AfterProcessingInitializeOnLoad (5ms)
			EditorAssembliesLoaded (0ms)
		ExecutionOrderSort2 (0ms)
		AwakeInstancesAfterBackupRestoration (5ms)
Launched and connected shader compiler UnityShaderCompiler.exe after 0.01 seconds
Refreshing native plugins compatible for Editor in 4.70 ms, found 4 plugins.
Preloading 0 native plugins for Editor in 0.00 ms.
Unloading 28 Unused Serialized files (Serialized files now loaded: 0)
Unloading 4652 unused Assets / (1.0 MB). Loaded Objects now: 5230.
Memory consumption went from 122.9 MB to 121.9 MB.
Total: 5.872700 ms (FindLiveObjects: 0.437100 ms CreateObjectMapping: 0.216600 ms MarkObjects: 4.422800 ms  DeleteObjects: 0.795700 ms)

========================================================================
Received Import Request.
  Time since last request: 84919.128210 seconds.
  path: Assets/Free_pixel_food_16x16/Free_pixel_food_16x16/Icons/popsicle_blue.png
  artifactKey: Guid(178f5df94458a2049952e87213c0bfd5) Importer(815301076,1909f56bfc062723c751e8b465ee728b)
Start importing Assets/Free_pixel_food_16x16/Free_pixel_food_16x16/Icons/popsicle_blue.png using Guid(178f5df94458a2049952e87213c0bfd5) Importer(815301076,1909f56bfc062723c751e8b465ee728b) (PreviewImporter)[PhysX] Initialized MultithreadedTaskDispatcher with 8 workers.
[PhysX] Initialized MultithreadedTaskDispatcher with 8 workers.
 -> (artifact id: '3791fedc47aa651dbbb467957aaeefc6') in 0.0779624 seconds
Number of updated asset objects reloaded before import = 0Number of asset objects unloaded after import = 3

========================================================================
Received Import Request.
  Time since last request: 0.000020 seconds.
  path: Assets/Free_pixel_food_16x16/Free_pixel_food_16x16/Icons/pastry_brioche.png
  artifactKey: Guid(35bb9a21e3d7785478e597e73102b650) Importer(815301076,1909f56bfc062723c751e8b465ee728b)
Start importing Assets/Free_pixel_food_16x16/Free_pixel_food_16x16/Icons/pastry_brioche.png using Guid(35bb9a21e3d7785478e597e73102b650) Importer(815301076,1909f56bfc062723c751e8b465ee728b) (PreviewImporter)[PhysX] Initialized MultithreadedTaskDispatcher with 8 workers.
[PhysX] Initialized MultithreadedTaskDispatcher with 8 workers.
 -> (artifact id: 'e04c713a5db1eeb8b378b7b416d82f43') in 0.0119696 seconds
Number of updated asset objects reloaded before import = 0Number of asset objects unloaded after import = 3

========================================================================
Received Import Request.
  Time since last request: 0.035997 seconds.
  path: Assets/Free_pixel_food_16x16/Free_pixel_food_16x16/Icons/onigiri_1.png
  artifactKey: Guid(20f4f0d872f691f4e94b7433d05f3f2d) Importer(815301076,1909f56bfc062723c751e8b465ee728b)
Start importing Assets/Free_pixel_food_16x16/Free_pixel_food_16x16/Icons/onigiri_1.png using Guid(20f4f0d872f691f4e94b7433d05f3f2d) Importer(815301076,1909f56bfc062723c751e8b465ee728b) (PreviewImporter)[PhysX] Initialized MultithreadedTaskDispatcher with 8 workers.
[PhysX] Initialized MultithreadedTaskDispatcher with 8 workers.
 -> (artifact id: 'ea6d80baae937dd2756ee2b9bc290819') in 0.0092663 seconds
Number of updated asset objects reloaded before import = 0Number of asset objects unloaded after import = 3

========================================================================
Received Import Request.
  Time since last request: 0.567538 seconds.
  path: Assets/Free_pixel_food_16x16/Free_pixel_food_16x16/Icons/icecream_1scoop.png
  artifactKey: Guid(1554362580f1d82428cfa3c8cc42561f) Importer(815301076,1909f56bfc062723c751e8b465ee728b)
Start importing Assets/Free_pixel_food_16x16/Free_pixel_food_16x16/Icons/icecream_1scoop.png using Guid(1554362580f1d82428cfa3c8cc42561f) Importer(815301076,1909f56bfc062723c751e8b465ee728b) (PreviewImporter)[PhysX] Initialized MultithreadedTaskDispatcher with 8 workers.
[PhysX] Initialized MultithreadedTaskDispatcher with 8 workers.
 -> (artifact id: '80cee8146d6e201b3c6acd002b78c7af') in 0.0104294 seconds
Number of updated asset objects reloaded before import = 0Number of asset objects unloaded after import = 3

========================================================================
Received Import Request.
  Time since last request: 0.000285 seconds.
  path: Assets/Free_pixel_food_16x16/Free_pixel_food_16x16/Icons/jam_blueberry.png
  artifactKey: Guid(3f4d5d2d633aad24ba0ea5dab1b2b555) Importer(815301076,1909f56bfc062723c751e8b465ee728b)
Start importing Assets/Free_pixel_food_16x16/Free_pixel_food_16x16/Icons/jam_blueberry.png using Guid(3f4d5d2d633aad24ba0ea5dab1b2b555) Importer(815301076,1909f56bfc062723c751e8b465ee728b) (PreviewImporter)[PhysX] Initialized MultithreadedTaskDispatcher with 8 workers.
[PhysX] Initialized MultithreadedTaskDispatcher with 8 workers.
 -> (artifact id: '0230425d3e11dc969627e38764887164') in 0.0114252 seconds
Number of updated asset objects reloaded before import = 0Number of asset objects unloaded after import = 3

========================================================================
Received Import Request.
  Time since last request: 0.001974 seconds.
  path: Assets/Free_pixel_food_16x16/Free_pixel_food_16x16/Icons/jam_peach.png
  artifactKey: Guid(216a5a075436af841a58bb2586deca52) Importer(815301076,1909f56bfc062723c751e8b465ee728b)
Start importing Assets/Free_pixel_food_16x16/Free_pixel_food_16x16/Icons/jam_peach.png using Guid(216a5a075436af841a58bb2586deca52) Importer(815301076,1909f56bfc062723c751e8b465ee728b) (PreviewImporter)[PhysX] Initialized MultithreadedTaskDispatcher with 8 workers.
[PhysX] Initialized MultithreadedTaskDispatcher with 8 workers.
 -> (artifact id: '647501a5336b2ed0531481c267e2f36e') in 0.0106484 seconds
Number of updated asset objects reloaded before import = 0Number of asset objects unloaded after import = 3

========================================================================
Received Import Request.
  Time since last request: 0.010851 seconds.
  path: Assets/Free_pixel_food_16x16/Free_pixel_food_16x16/Icons/fruit_lime.png
  artifactKey: Guid(18a0441486887a049a5ac8684cc283bc) Importer(815301076,1909f56bfc062723c751e8b465ee728b)
Start importing Assets/Free_pixel_food_16x16/Free_pixel_food_16x16/Icons/fruit_lime.png using Guid(18a0441486887a049a5ac8684cc283bc) Importer(815301076,1909f56bfc062723c751e8b465ee728b) (PreviewImporter)[PhysX] Initialized MultithreadedTaskDispatcher with 8 workers.
[PhysX] Initialized MultithreadedTaskDispatcher with 8 workers.
 -> (artifact id: 'efb76bdd658667a73159deac2ec40fad') in 0.0093325 seconds
Number of updated asset objects reloaded before import = 0Number of asset objects unloaded after import = 3

========================================================================
Received Import Request.
  Time since last request: 0.002074 seconds.
  path: Assets/Free_pixel_food_16x16/Free_pixel_food_16x16/Icons/fruit_peach.png
  artifactKey: Guid(73c7b99809f68c9429218c00652ac0f0) Importer(815301076,1909f56bfc062723c751e8b465ee728b)
Start importing Assets/Free_pixel_food_16x16/Free_pixel_food_16x16/Icons/fruit_peach.png using Guid(73c7b99809f68c9429218c00652ac0f0) Importer(815301076,1909f56bfc062723c751e8b465ee728b) (PreviewImporter)[PhysX] Initialized MultithreadedTaskDispatcher with 8 workers.
[PhysX] Initialized MultithreadedTaskDispatcher with 8 workers.
 -> (artifact id: 'ccb127ee67fe44aa8b9e1200b65c1744') in 0.0090355 seconds
Number of updated asset objects reloaded before import = 0Number of asset objects unloaded after import = 3

========================================================================
Received Import Request.
  Time since last request: 0.002281 seconds.
  path: Assets/Free_pixel_food_16x16/Free_pixel_food_16x16/Icons/fruit_watermelon_slice.png
  artifactKey: Guid(c665df93be6349048b3e9ae846443d0a) Importer(815301076,1909f56bfc062723c751e8b465ee728b)
Start importing Assets/Free_pixel_food_16x16/Free_pixel_food_16x16/Icons/fruit_watermelon_slice.png using Guid(c665df93be6349048b3e9ae846443d0a) Importer(815301076,1909f56bfc062723c751e8b465ee728b) (PreviewImporter)[PhysX] Initialized MultithreadedTaskDispatcher with 8 workers.
[PhysX] Initialized MultithreadedTaskDispatcher with 8 workers.
 -> (artifact id: 'c552df70841484a628265fef95c8c701') in 0.0099183 seconds
Number of updated asset objects reloaded before import = 0Number of asset objects unloaded after import = 3

========================================================================
Received Import Request.
  Time since last request: 0.447296 seconds.
  path: Assets/Free_pixel_food_16x16/Free_pixel_food_16x16/Icons/fruit_apple-slice.png
  artifactKey: Guid(da63af40aa4355346b6e7c4c6bfc17b8) Importer(815301076,1909f56bfc062723c751e8b465ee728b)
Start importing Assets/Free_pixel_food_16x16/Free_pixel_food_16x16/Icons/fruit_apple-slice.png using Guid(da63af40aa4355346b6e7c4c6bfc17b8) Importer(815301076,1909f56bfc062723c751e8b465ee728b) (PreviewImporter)[PhysX] Initialized MultithreadedTaskDispatcher with 8 workers.
[PhysX] Initialized MultithreadedTaskDispatcher with 8 workers.
 -> (artifact id: 'c434e78b9b31bfda1285551efaf58179') in 0.0104517 seconds
Number of updated asset objects reloaded before import = 0Number of asset objects unloaded after import = 3

========================================================================
Received Import Request.
  Time since last request: 0.001304 seconds.
  path: Assets/Free_pixel_food_16x16/Free_pixel_food_16x16/Icons/fruit_cherry.png
  artifactKey: Guid(3f76fe9c520613248b23d40bc0b7c927) Importer(815301076,1909f56bfc062723c751e8b465ee728b)
Start importing Assets/Free_pixel_food_16x16/Free_pixel_food_16x16/Icons/fruit_cherry.png using Guid(3f76fe9c520613248b23d40bc0b7c927) Importer(815301076,1909f56bfc062723c751e8b465ee728b) (PreviewImporter)[PhysX] Initialized MultithreadedTaskDispatcher with 8 workers.
[PhysX] Initialized MultithreadedTaskDispatcher with 8 workers.
 -> (artifact id: '4a3aff7dbccd7df6c7055fe886e1260c') in 0.008674 seconds
Number of updated asset objects reloaded before import = 0Number of asset objects unloaded after import = 3

========================================================================
Received Import Request.
  Time since last request: 0.002506 seconds.
  path: Assets/Free_pixel_food_16x16/Free_pixel_food_16x16/Icons/fruit_kiwi.png
  artifactKey: Guid(4bcbe0fd17f783f46bb9366ccb1099cc) Importer(815301076,1909f56bfc062723c751e8b465ee728b)
Start importing Assets/Free_pixel_food_16x16/Free_pixel_food_16x16/Icons/fruit_kiwi.png using Guid(4bcbe0fd17f783f46bb9366ccb1099cc) Importer(815301076,1909f56bfc062723c751e8b465ee728b) (PreviewImporter)[PhysX] Initialized MultithreadedTaskDispatcher with 8 workers.
[PhysX] Initialized MultithreadedTaskDispatcher with 8 workers.
 -> (artifact id: 'd60987f8c309c744c2e297c6dea83513') in 0.0101479 seconds
Number of updated asset objects reloaded before import = 0Number of asset objects unloaded after import = 3

========================================================================
Received Import Request.
  Time since last request: 0.010342 seconds.
  path: Assets/Free_pixel_food_16x16/Free_pixel_food_16x16/Icons/eggs_brown.png
  artifactKey: Guid(8affa632cd5ceab4585602262a855dab) Importer(815301076,1909f56bfc062723c751e8b465ee728b)
Start importing Assets/Free_pixel_food_16x16/Free_pixel_food_16x16/Icons/eggs_brown.png using Guid(8affa632cd5ceab4585602262a855dab) Importer(815301076,1909f56bfc062723c751e8b465ee728b) (PreviewImporter)[PhysX] Initialized MultithreadedTaskDispatcher with 8 workers.
[PhysX] Initialized MultithreadedTaskDispatcher with 8 workers.
 -> (artifact id: '66c430e4874a45c1602c67a949a83cbe') in 0.0098479 seconds
Number of updated asset objects reloaded before import = 0Number of asset objects unloaded after import = 3

========================================================================
Received Import Request.
  Time since last request: 0.001877 seconds.
  path: Assets/Free_pixel_food_16x16/Free_pixel_food_16x16/Icons/eggs_scrambled.png
  artifactKey: Guid(98df7193d184e504e90a91debd620afe) Importer(815301076,1909f56bfc062723c751e8b465ee728b)
Start importing Assets/Free_pixel_food_16x16/Free_pixel_food_16x16/Icons/eggs_scrambled.png using Guid(98df7193d184e504e90a91debd620afe) Importer(815301076,1909f56bfc062723c751e8b465ee728b) (PreviewImporter)[PhysX] Initialized MultithreadedTaskDispatcher with 8 workers.
[PhysX] Initialized MultithreadedTaskDispatcher with 8 workers.
 -> (artifact id: '4a843facb9e5a1edc3de66a14fcdcf30') in 0.0098727 seconds
Number of updated asset objects reloaded before import = 0Number of asset objects unloaded after import = 3

========================================================================
Received Import Request.
  Time since last request: 0.001351 seconds.
  path: Assets/Free_pixel_food_16x16/Free_pixel_food_16x16/Icons/fruit_apple.png
  artifactKey: Guid(667a3ebef75eb194fbfe4a4b0d3c3965) Importer(815301076,1909f56bfc062723c751e8b465ee728b)
Start importing Assets/Free_pixel_food_16x16/Free_pixel_food_16x16/Icons/fruit_apple.png using Guid(667a3ebef75eb194fbfe4a4b0d3c3965) Importer(815301076,1909f56bfc062723c751e8b465ee728b) (PreviewImporter)[PhysX] Initialized MultithreadedTaskDispatcher with 8 workers.
[PhysX] Initialized MultithreadedTaskDispatcher with 8 workers.
 -> (artifact id: 'e5915fb10e76df5ec9e327a28f30fe50') in 0.0101782 seconds
Number of updated asset objects reloaded before import = 0Number of asset objects unloaded after import = 3

========================================================================
Received Import Request.
  Time since last request: 0.134453 seconds.
  path: Assets/Free_pixel_food_16x16/Free_pixel_food_16x16/Icons/coffee_foam.png
  artifactKey: Guid(7dd2c85e840fb00429f3523655ff538c) Importer(815301076,1909f56bfc062723c751e8b465ee728b)
Start importing Assets/Free_pixel_food_16x16/Free_pixel_food_16x16/Icons/coffee_foam.png using Guid(7dd2c85e840fb00429f3523655ff538c) Importer(815301076,1909f56bfc062723c751e8b465ee728b) (PreviewImporter)[PhysX] Initialized MultithreadedTaskDispatcher with 8 workers.
[PhysX] Initialized MultithreadedTaskDispatcher with 8 workers.
 -> (artifact id: '8c8f6a54e59a09cd3894056aa3626e51') in 0.010512 seconds
Number of updated asset objects reloaded before import = 0Number of asset objects unloaded after import = 3

========================================================================
Received Import Request.
  Time since last request: 0.000944 seconds.
  path: Assets/Free_pixel_food_16x16/Free_pixel_food_16x16/Icons/coffee_mediumroast.png
  artifactKey: Guid(ff2ffb893311fc24199e2d262d1400b4) Importer(815301076,1909f56bfc062723c751e8b465ee728b)
Start importing Assets/Free_pixel_food_16x16/Free_pixel_food_16x16/Icons/coffee_mediumroast.png using Guid(ff2ffb893311fc24199e2d262d1400b4) Importer(815301076,1909f56bfc062723c751e8b465ee728b) (PreviewImporter)[PhysX] Initialized MultithreadedTaskDispatcher with 8 workers.
[PhysX] Initialized MultithreadedTaskDispatcher with 8 workers.
 -> (artifact id: 'a9beec960a19b2f2a576f2de0ecc476e') in 0.009189 seconds
Number of updated asset objects reloaded before import = 0Number of asset objects unloaded after import = 3

========================================================================
Received Import Request.
  Time since last request: 0.002486 seconds.
  path: Assets/Free_pixel_food_16x16/Free_pixel_food_16x16/Icons/coffee_raw.png
  artifactKey: Guid(752419856a7d55f4baf441f669581a02) Importer(815301076,1909f56bfc062723c751e8b465ee728b)
Start importing Assets/Free_pixel_food_16x16/Free_pixel_food_16x16/Icons/coffee_raw.png using Guid(752419856a7d55f4baf441f669581a02) Importer(815301076,1909f56bfc062723c751e8b465ee728b) (PreviewImporter)[PhysX] Initialized MultithreadedTaskDispatcher with 8 workers.
[PhysX] Initialized MultithreadedTaskDispatcher with 8 workers.
 -> (artifact id: '8047a592ccf5f12ae0afba01eeb22be0') in 0.0095864 seconds
Number of updated asset objects reloaded before import = 0Number of asset objects unloaded after import = 3

========================================================================
Received Import Request.
  Time since last request: 0.106625 seconds.
  path: Assets/milkshake_MilesPrower/milkshake_MilesPrower/ChocolateMilkshake_RDBG.png
  artifactKey: Guid(e14c4acaacb9faf4786d7ecb923d3dde) Importer(815301076,1909f56bfc062723c751e8b465ee728b)
Start importing Assets/milkshake_MilesPrower/milkshake_MilesPrower/ChocolateMilkshake_RDBG.png using Guid(e14c4acaacb9faf4786d7ecb923d3dde) Importer(815301076,1909f56bfc062723c751e8b465ee728b) (PreviewImporter)[PhysX] Initialized MultithreadedTaskDispatcher with 8 workers.
[PhysX] Initialized MultithreadedTaskDispatcher with 8 workers.
 -> (artifact id: 'd97d93d60c3ff243de395abad65aaae1') in 0.0140309 seconds
Number of updated asset objects reloaded before import = 0Number of asset objects unloaded after import = 3

========================================================================
Received Import Request.
  Time since last request: 0.597172 seconds.
  path: Assets/FREE Mana Seed Character Base Demo/char_a_p1/4har/char_a_p1_4har_dap1_v01.png
  artifactKey: Guid(1a8821fd8e34d744b9a70ec0cae2bcab) Importer(815301076,1909f56bfc062723c751e8b465ee728b)
Start importing Assets/FREE Mana Seed Character Base Demo/char_a_p1/4har/char_a_p1_4har_dap1_v01.png using Guid(1a8821fd8e34d744b9a70ec0cae2bcab) Importer(815301076,1909f56bfc062723c751e8b465ee728b) (PreviewImporter)[PhysX] Initialized MultithreadedTaskDispatcher with 8 workers.
[PhysX] Initialized MultithreadedTaskDispatcher with 8 workers.
 -> (artifact id: 'e2ea089e5cc0c087beb469ec7dbdba6b') in 0.0178454 seconds
Number of updated asset objects reloaded before import = 0Number of asset objects unloaded after import = 3

========================================================================
Received Import Request.
  Time since last request: 0.003703 seconds.
  path: Assets/Free_pixel_food_16x16/Free_pixel_food_16x16/Icons/cheese_camembert.png
  artifactKey: Guid(7578a4612087ede48902b70404921312) Importer(815301076,1909f56bfc062723c751e8b465ee728b)
Start importing Assets/Free_pixel_food_16x16/Free_pixel_food_16x16/Icons/cheese_camembert.png using Guid(7578a4612087ede48902b70404921312) Importer(815301076,1909f56bfc062723c751e8b465ee728b) (PreviewImporter)[PhysX] Initialized MultithreadedTaskDispatcher with 8 workers.
[PhysX] Initialized MultithreadedTaskDispatcher with 8 workers.
 -> (artifact id: 'f66deb832ee7e815f7dc0f59e0f57033') in 0.0097745 seconds
Number of updated asset objects reloaded before import = 0Number of asset objects unloaded after import = 3

========================================================================
Received Import Request.
  Time since last request: 0.002946 seconds.
  path: Assets/milkshake_MilesPrower/milkshake_MilesPrower/ChocolateMilkshake.png
  artifactKey: Guid(78e0ab5d475edf34cb292fa4299639e7) Importer(815301076,1909f56bfc062723c751e8b465ee728b)
Start importing Assets/milkshake_MilesPrower/milkshake_MilesPrower/ChocolateMilkshake.png using Guid(78e0ab5d475edf34cb292fa4299639e7) Importer(815301076,1909f56bfc062723c751e8b465ee728b) (PreviewImporter)[PhysX] Initialized MultithreadedTaskDispatcher with 8 workers.
[PhysX] Initialized MultithreadedTaskDispatcher with 8 workers.
 -> (artifact id: 'f75f340d2a3f1ebed0249e43329ef945') in 0.0174933 seconds
Number of updated asset objects reloaded before import = 0Number of asset objects unloaded after import = 3

========================================================================
Received Import Request.
  Time since last request: 0.179017 seconds.
  path: Assets/FREE Mana Seed Character Base Demo/char_a_p1/1out/char_a_p1_1out_boxr_v01.png
  artifactKey: Guid(33cf622d1acf7fa47a865647c16241b1) Importer(815301076,1909f56bfc062723c751e8b465ee728b)
Start importing Assets/FREE Mana Seed Character Base Demo/char_a_p1/1out/char_a_p1_1out_boxr_v01.png using Guid(33cf622d1acf7fa47a865647c16241b1) Importer(815301076,1909f56bfc062723c751e8b465ee728b) (PreviewImporter)[PhysX] Initialized MultithreadedTaskDispatcher with 8 workers.
[PhysX] Initialized MultithreadedTaskDispatcher with 8 workers.
 -> (artifact id: 'd1355846048b789aec43f5537f9d28a4') in 0.0132485 seconds
Number of updated asset objects reloaded before import = 0Number of asset objects unloaded after import = 3

========================================================================
Received Import Request.
  Time since last request: 0.000796 seconds.
  path: Assets/FREE Mana Seed Character Base Demo/char_a_p1/1out/char_a_p1_1out_undi_v01.png
  artifactKey: Guid(310b92f1eca70d3489a8bffe548dd1f0) Importer(815301076,1909f56bfc062723c751e8b465ee728b)
Start importing Assets/FREE Mana Seed Character Base Demo/char_a_p1/1out/char_a_p1_1out_undi_v01.png using Guid(310b92f1eca70d3489a8bffe548dd1f0) Importer(815301076,1909f56bfc062723c751e8b465ee728b) (PreviewImporter)[PhysX] Initialized MultithreadedTaskDispatcher with 8 workers.
[PhysX] Initialized MultithreadedTaskDispatcher with 8 workers.
 -> (artifact id: '5727dd3579fccb561ff9abbc8e80a42c') in 0.0140191 seconds
Number of updated asset objects reloaded before import = 0Number of asset objects unloaded after import = 3

========================================================================
Received Import Request.
  Time since last request: 4945.556584 seconds.
  path: Assets/Sprites/pixil-frame-0 (1).png
  artifactKey: Guid(0f163913ca2d36a4a9160a350f0b842f) Importer(815301076,1909f56bfc062723c751e8b465ee728b)
Start importing Assets/Sprites/pixil-frame-0 (1).png using Guid(0f163913ca2d36a4a9160a350f0b842f) Importer(815301076,1909f56bfc062723c751e8b465ee728b) (PreviewImporter)[PhysX] Initialized MultithreadedTaskDispatcher with 8 workers.
[PhysX] Initialized MultithreadedTaskDispatcher with 8 workers.
 -> (artifact id: '5b670f1d9c683bb3ef95cf8888653d07') in 0.1177557 seconds
Number of updated asset objects reloaded before import = 0Number of asset objects unloaded after import = 31

========================================================================
Received Prepare
Begin MonoManager ReloadAssembly
- Loaded All Assemblies, in  2.593 seconds
Refreshing native plugins compatible for Editor in 5.19 ms, found 4 plugins.
Native extension for Android target not found
Native extension for WindowsStandalone target not found
Mono: successfully reloaded assembly
[Package Manager] Failed to launch server process. Reason: Unity was launched with the -noUpm command-line argument
[Package Manager] Unable to send message (not connected to server process).
[Package Manager] Cannot connect to Unity Package Manager local server
- Finished resetting the current domain, in  0.721 seconds
Domain Reload Profiling: 3307ms
	BeginReloadAssembly (394ms)
		ExecutionOrderSort (0ms)
		DisableScriptedObjects (13ms)
		BackupInstance (0ms)
		ReleaseScriptingObjects (0ms)
		CreateAndSetChildDomain (61ms)
	RebuildCommonClasses (134ms)
	RebuildNativeTypeToScriptingClass (14ms)
	initialDomainReloadingComplete (34ms)
	LoadAllAssembliesAndSetupDomain (2010ms)
		LoadAssemblies (2148ms)
		RebuildTransferFunctionScriptingTraits (0ms)
		AnalyzeDomain (141ms)
			TypeCache.Refresh (5ms)
				TypeCache.ScanAssembly (0ms)
			BuildScriptInfoCaches (128ms)
			ResolveRequiredComponents (5ms)
	FinalizeReload (722ms)
		ReleaseScriptCaches (0ms)
		RebuildScriptCaches (0ms)
		SetupLoadedEditorAssemblies (507ms)
			LogAssemblyErrors (0ms)
			InitializePlatformSupportModulesInManaged (18ms)
			SetLoadedEditorAssemblies (3ms)
			BeforeProcessingInitializeOnLoad (60ms)
			ProcessInitializeOnLoadAttributes (262ms)
			ProcessInitializeOnLoadMethodAttributes (157ms)
			AfterProcessingInitializeOnLoad (6ms)
			EditorAssembliesLoaded (0ms)
		ExecutionOrderSort2 (0ms)
		AwakeInstancesAfterBackupRestoration (5ms)
Refreshing native plugins compatible for Editor in 5.70 ms, found 4 plugins.
Preloading 0 native plugins for Editor in 0.00 ms.
Unloading 0 Unused Serialized files (Serialized files now loaded: 0)
Unloading 4650 unused Assets / (1.0 MB). Loaded Objects now: 5298.
Memory consumption went from 116.2 MB to 115.2 MB.
Total: 6.537700 ms (FindLiveObjects: 0.495700 ms CreateObjectMapping: 0.520900 ms MarkObjects: 4.578200 ms  DeleteObjects: 0.942100 ms)

Prepare: number of updated asset objects reloaded= 0
