Using pre-set license
Built from 'trunk' branch; Version is '6000.0.5f1 (17028576122a) revision 1507973'; Using compiler version '193933522'; Build Type 'Release'
OS: 'Windows 10  (10.0.19045) 64bit Core' Language: 'en' Physical Memory: 32677 MB
BatchMode: 1, IsHumanControllingUs: 0, StartBugReporterOnCrash: 0, Is64bit: 1, IsPro: 1

COMMAND LINE ARGUMENTS:
C:\Program Files\Unity\Hub\Editor\6000.0.5f1\Editor\Unity.exe
-adb2
-batchMode
-noUpm
-name
AssetImportWorker2
-projectPath
C:/Users/Marsgaming155/Downloads/Milkshake-Madness/Milkshake Madness
-logFile
Logs/AssetImportWorker2.log
-srvPort
53836
-job-worker-count
7
-background-job-worker-count
8
-asset-garbage-collectors
1
Successfully changed project path to: C:/Users/Marsgaming155/Downloads/Milkshake-Madness/Milkshake Madness
C:/Users/Marsgaming155/Downloads/Milkshake-Madness/Milkshake Madness
[UnityMemory] Configuration Parameters - Can be set up in boot.config
    "memorysetup-bucket-allocator-granularity=16"
    "memorysetup-bucket-allocator-bucket-count=8"
    "memorysetup-bucket-allocator-block-size=33554432"
    "memorysetup-bucket-allocator-block-count=8"
    "memorysetup-main-allocator-block-size=16777216"
    "memorysetup-thread-allocator-block-size=16777216"
    "memorysetup-gfx-main-allocator-block-size=16777216"
    "memorysetup-gfx-thread-allocator-block-size=16777216"
    "memorysetup-cache-allocator-block-size=4194304"
    "memorysetup-typetree-allocator-block-size=2097152"
    "memorysetup-profiler-bucket-allocator-granularity=16"
    "memorysetup-profiler-bucket-allocator-bucket-count=8"
    "memorysetup-profiler-bucket-allocator-block-size=33554432"
    "memorysetup-profiler-bucket-allocator-block-count=8"
    "memorysetup-profiler-allocator-block-size=16777216"
    "memorysetup-profiler-editor-allocator-block-size=1048576"
    "memorysetup-temp-allocator-size-main=16777216"
    "memorysetup-job-temp-allocator-block-size=2097152"
    "memorysetup-job-temp-allocator-block-size-background=1048576"
    "memorysetup-job-temp-allocator-reduction-small-platforms=262144"
    "memorysetup-allocator-temp-initial-block-size-main=262144"
    "memorysetup-allocator-temp-initial-block-size-worker=262144"
    "memorysetup-temp-allocator-size-background-worker=32768"
    "memorysetup-temp-allocator-size-job-worker=262144"
    "memorysetup-temp-allocator-size-preload-manager=33554432"
    "memorysetup-temp-allocator-size-nav-mesh-worker=65536"
    "memorysetup-temp-allocator-size-audio-worker=65536"
    "memorysetup-temp-allocator-size-cloud-worker=32768"
    "memorysetup-temp-allocator-size-gi-baking-worker=262144"
    "memorysetup-temp-allocator-size-gi-baking-worker=262144"
    "memorysetup-temp-allocator-size-gi-baking-worker=262144"
    "memorysetup-temp-allocator-size-gi-baking-worker=262144"
    "memorysetup-temp-allocator-size-gi-baking-worker=262144"
    "memorysetup-temp-allocator-size-gfx=262144"
Player connection [2800]  Target information:

Player connection [2800]  * "[IP] 192.168.0.79 [Port] 0 [Flags] 2 [Guid] 4122070923 [EditorId] 4122070923 [Version] 1048832 [Id] WindowsEditor(7,DESKTOP-GPNQB43) [Debug] 1 [PackageName] WindowsEditor [ProjectName] Editor" 

Player connection [2800] Host joined multi-casting on [225.0.0.222:54997]...
Player connection [2800] Host joined alternative multi-casting on [225.0.0.222:34997]...
JobSystem: Creating JobQueue using job-worker-count value 7
Library Redirect Path: Library/
[PhysX] Initialized MultithreadedTaskDispatcher with 8 workers.
Refreshing native plugins compatible for Editor in 6.17 ms, found 4 plugins.
Preloading 0 native plugins for Editor in 0.00 ms.
Initialize engine version: 6000.0.5f1 (17028576122a)
[Subsystems] Discovering subsystems at path C:/Program Files/Unity/Hub/Editor/6000.0.5f1/Editor/Data/Resources/UnitySubsystems
[Subsystems] Discovering subsystems at path C:/Users/Marsgaming155/Downloads/Milkshake-Madness/Milkshake Madness/Assets
GfxDevice: creating device client; kGfxThreadingModeNonThreaded
Direct3D:
    Version:  Direct3D 11.0 [level 11.1]
    Renderer: NVIDIA GeForce GTX 1660 SUPER (ID=0x21c4)
    Vendor:   NVIDIA
    VRAM:     5966 MB
    Driver:   32.0.15.6603
Initialize mono
Mono path[0] = 'C:/Program Files/Unity/Hub/Editor/6000.0.5f1/Editor/Data/Managed'
Mono path[1] = 'C:/Program Files/Unity/Hub/Editor/6000.0.5f1/Editor/Data/MonoBleedingEdge/lib/mono/unityjit-win32'
Mono config path = 'C:/Program Files/Unity/Hub/Editor/6000.0.5f1/Editor/Data/MonoBleedingEdge/etc'
Using monoOptions --debugger-agent=transport=dt_socket,embedding=1,server=y,suspend=n,address=127.0.0.1:56328
Begin MonoManager ReloadAssembly
Registering precompiled unity dll's ...
Register platform support module: C:/Program Files/Unity/Hub/Editor/6000.0.5f1/Editor/Data/PlaybackEngines/WindowsStandaloneSupport/UnityEditor.WindowsStandalone.Extensions.dll
Register platform support module: C:/Program Files/Unity/Hub/Editor/6000.0.5f1/Editor/Data/PlaybackEngines/AndroidPlayer/UnityEditor.Android.Extensions.dll
Registered in 0.003647 seconds.
- Loaded All Assemblies, in  0.290 seconds
Native extension for Android target not found
Android Extension - Scanning For ADB Devices 238 ms
Native extension for WindowsStandalone target not found
Mono: successfully reloaded assembly
- Finished resetting the current domain, in  0.586 seconds
Domain Reload Profiling: 874ms
	BeginReloadAssembly (102ms)
		ExecutionOrderSort (0ms)
		DisableScriptedObjects (0ms)
		BackupInstance (0ms)
		ReleaseScriptingObjects (0ms)
		CreateAndSetChildDomain (1ms)
	RebuildCommonClasses (27ms)
	RebuildNativeTypeToScriptingClass (9ms)
	initialDomainReloadingComplete (39ms)
	LoadAllAssembliesAndSetupDomain (111ms)
		LoadAssemblies (100ms)
		RebuildTransferFunctionScriptingTraits (0ms)
		AnalyzeDomain (109ms)
			TypeCache.Refresh (108ms)
				TypeCache.ScanAssembly (98ms)
			BuildScriptInfoCaches (0ms)
			ResolveRequiredComponents (0ms)
	FinalizeReload (586ms)
		ReleaseScriptCaches (0ms)
		RebuildScriptCaches (0ms)
		SetupLoadedEditorAssemblies (547ms)
			LogAssemblyErrors (0ms)
			InitializePlatformSupportModulesInManaged (338ms)
			SetLoadedEditorAssemblies (3ms)
			BeforeProcessingInitializeOnLoad (4ms)
			ProcessInitializeOnLoadAttributes (85ms)
			ProcessInitializeOnLoadMethodAttributes (117ms)
			AfterProcessingInitializeOnLoad (0ms)
			EditorAssembliesLoaded (0ms)
		ExecutionOrderSort2 (0ms)
		AwakeInstancesAfterBackupRestoration (0ms)
========================================================================
Worker process is ready to serve import requests
Import Worker Mode flag is 0x00
Begin MonoManager ReloadAssembly
- Loaded All Assemblies, in  0.744 seconds
Refreshing native plugins compatible for Editor in 4.33 ms, found 4 plugins.
Native extension for Android target not found
Native extension for WindowsStandalone target not found
Mono: successfully reloaded assembly
Package Manager log level set to [2]
[Package Manager] Failed to launch server process. Reason: Unity was launched with the -noUpm command-line argument
[Package Manager] Unable to send message (not connected to server process).
[Package Manager] Cannot connect to Unity Package Manager local server
[Package Manager] Failed to launch server process. Reason: Unity was launched with the -noUpm command-line argument
[Package Manager] Unable to send message (not connected to server process).
[Package Manager] Cannot connect to Unity Package Manager local server
- Finished resetting the current domain, in  0.661 seconds
Domain Reload Profiling: 1401ms
	BeginReloadAssembly (315ms)
		ExecutionOrderSort (0ms)
		DisableScriptedObjects (5ms)
		BackupInstance (0ms)
		ReleaseScriptingObjects (0ms)
		CreateAndSetChildDomain (28ms)
	RebuildCommonClasses (27ms)
	RebuildNativeTypeToScriptingClass (8ms)
	initialDomainReloadingComplete (32ms)
	LoadAllAssembliesAndSetupDomain (357ms)
		LoadAssemblies (280ms)
		RebuildTransferFunctionScriptingTraits (0ms)
		AnalyzeDomain (163ms)
			TypeCache.Refresh (115ms)
				TypeCache.ScanAssembly (102ms)
			BuildScriptInfoCaches (42ms)
			ResolveRequiredComponents (4ms)
	FinalizeReload (661ms)
		ReleaseScriptCaches (0ms)
		RebuildScriptCaches (0ms)
		SetupLoadedEditorAssemblies (475ms)
			LogAssemblyErrors (0ms)
			InitializePlatformSupportModulesInManaged (15ms)
			SetLoadedEditorAssemblies (2ms)
			BeforeProcessingInitializeOnLoad (56ms)
			ProcessInitializeOnLoadAttributes (259ms)
			ProcessInitializeOnLoadMethodAttributes (137ms)
			AfterProcessingInitializeOnLoad (5ms)
			EditorAssembliesLoaded (0ms)
		ExecutionOrderSort2 (0ms)
		AwakeInstancesAfterBackupRestoration (4ms)
Launched and connected shader compiler UnityShaderCompiler.exe after 0.01 seconds
Refreshing native plugins compatible for Editor in 4.72 ms, found 4 plugins.
Preloading 0 native plugins for Editor in 0.00 ms.
Unloading 28 Unused Serialized files (Serialized files now loaded: 0)
Unloading 4652 unused Assets / (1.1 MB). Loaded Objects now: 5230.
Memory consumption went from 121.0 MB to 119.9 MB.
Total: 5.797100 ms (FindLiveObjects: 0.444800 ms CreateObjectMapping: 0.203700 ms MarkObjects: 4.336700 ms  DeleteObjects: 0.811300 ms)

========================================================================
Received Import Request.
  Time since last request: 84851.309890 seconds.
  path: Assets/Sprites/Untitled.png
  artifactKey: Guid(6ac1bc95be1b79c4d9c69caf9552c200) Importer(815301076,1909f56bfc062723c751e8b465ee728b)
Start importing Assets/Sprites/Untitled.png using Guid(6ac1bc95be1b79c4d9c69caf9552c200) Importer(815301076,1909f56bfc062723c751e8b465ee728b) (PreviewImporter)[PhysX] Initialized MultithreadedTaskDispatcher with 8 workers.
[PhysX] Initialized MultithreadedTaskDispatcher with 8 workers.
 -> (artifact id: 'cc2a85f0d447bea3f3494339b8f4c53b') in 0.0679108 seconds
Number of updated asset objects reloaded before import = 0Number of asset objects unloaded after import = 3

========================================================================
Received Import Request.
  Time since last request: 64.285830 seconds.
  path: Assets/FreeGUI/png/Button.png
  artifactKey: Guid(f268d63521bdb124e9c00764a48b0a2b) Importer(815301076,1909f56bfc062723c751e8b465ee728b)
Start importing Assets/FreeGUI/png/Button.png using Guid(f268d63521bdb124e9c00764a48b0a2b) Importer(815301076,1909f56bfc062723c751e8b465ee728b) (PreviewImporter)[PhysX] Initialized MultithreadedTaskDispatcher with 8 workers.
[PhysX] Initialized MultithreadedTaskDispatcher with 8 workers.
 -> (artifact id: 'd4b4800a056e249b5f91959a7f8e7b80') in 0.0736083 seconds
Number of updated asset objects reloaded before import = 0Number of asset objects unloaded after import = 22

========================================================================
Received Import Request.
  Time since last request: 0.000017 seconds.
  path: Assets/Free_pixel_food_16x16/Free_pixel_food_16x16/Icons/soymilk_chocomint.png
  artifactKey: Guid(69feb43a32ae1e14f8403c24e5fba2de) Importer(815301076,1909f56bfc062723c751e8b465ee728b)
Start importing Assets/Free_pixel_food_16x16/Free_pixel_food_16x16/Icons/soymilk_chocomint.png using Guid(69feb43a32ae1e14f8403c24e5fba2de) Importer(815301076,1909f56bfc062723c751e8b465ee728b) (PreviewImporter)[PhysX] Initialized MultithreadedTaskDispatcher with 8 workers.
[PhysX] Initialized MultithreadedTaskDispatcher with 8 workers.
 -> (artifact id: '6d0475224bb8d6b6aea0c75259dbeaec') in 0.0109212 seconds
Number of updated asset objects reloaded before import = 0Number of asset objects unloaded after import = 3

========================================================================
Received Import Request.
  Time since last request: 0.000013 seconds.
  path: Assets/Free_pixel_food_16x16/Free_pixel_food_16x16/Icons/soymilk_peach.png
  artifactKey: Guid(316e6af07bffb4544a8148837e8b904f) Importer(815301076,1909f56bfc062723c751e8b465ee728b)
Start importing Assets/Free_pixel_food_16x16/Free_pixel_food_16x16/Icons/soymilk_peach.png using Guid(316e6af07bffb4544a8148837e8b904f) Importer(815301076,1909f56bfc062723c751e8b465ee728b) (PreviewImporter)[PhysX] Initialized MultithreadedTaskDispatcher with 8 workers.
[PhysX] Initialized MultithreadedTaskDispatcher with 8 workers.
 -> (artifact id: '1a949364afbadfa494558e21446d60e1') in 0.0121709 seconds
Number of updated asset objects reloaded before import = 0Number of asset objects unloaded after import = 3

========================================================================
Received Import Request.
  Time since last request: 0.000016 seconds.
  path: Assets/milkshake_MilesPrower/milkshake_MilesPrower/StarwberryMilkshake.png
  artifactKey: Guid(7824934e89ebc14428f9b0e0a6eedc1c) Importer(815301076,1909f56bfc062723c751e8b465ee728b)
Start importing Assets/milkshake_MilesPrower/milkshake_MilesPrower/StarwberryMilkshake.png using Guid(7824934e89ebc14428f9b0e0a6eedc1c) Importer(815301076,1909f56bfc062723c751e8b465ee728b) (PreviewImporter)[PhysX] Initialized MultithreadedTaskDispatcher with 8 workers.
[PhysX] Initialized MultithreadedTaskDispatcher with 8 workers.
 -> (artifact id: 'ac6023d527ae76af204adddf57a9adfb') in 0.0115297 seconds
Number of updated asset objects reloaded before import = 0Number of asset objects unloaded after import = 3

========================================================================
Received Import Request.
  Time since last request: 0.000015 seconds.
  path: Assets/Free_pixel_food_16x16/Free_pixel_food_16x16/Icons/soymilk_strawberry.png
  artifactKey: Guid(6092098583c0bc147a40585a9c031fa6) Importer(815301076,1909f56bfc062723c751e8b465ee728b)
Start importing Assets/Free_pixel_food_16x16/Free_pixel_food_16x16/Icons/soymilk_strawberry.png using Guid(6092098583c0bc147a40585a9c031fa6) Importer(815301076,1909f56bfc062723c751e8b465ee728b) (PreviewImporter)[PhysX] Initialized MultithreadedTaskDispatcher with 8 workers.
[PhysX] Initialized MultithreadedTaskDispatcher with 8 workers.
 -> (artifact id: 'e515a3af1ab14be482a646826f31b188') in 0.0101974 seconds
Number of updated asset objects reloaded before import = 0Number of asset objects unloaded after import = 3

========================================================================
Received Import Request.
  Time since last request: 0.000015 seconds.
  path: Assets/Free_pixel_food_16x16/Free_pixel_food_16x16/Icons/vegetable_carrot.png
  artifactKey: Guid(0c846abf5960f4c43ba434abb5a67e0f) Importer(815301076,1909f56bfc062723c751e8b465ee728b)
Start importing Assets/Free_pixel_food_16x16/Free_pixel_food_16x16/Icons/vegetable_carrot.png using Guid(0c846abf5960f4c43ba434abb5a67e0f) Importer(815301076,1909f56bfc062723c751e8b465ee728b) (PreviewImporter)[PhysX] Initialized MultithreadedTaskDispatcher with 8 workers.
[PhysX] Initialized MultithreadedTaskDispatcher with 8 workers.
 -> (artifact id: '827b1aea3f0b021eab19e4efd61aaedd') in 0.0114704 seconds
Number of updated asset objects reloaded before import = 0Number of asset objects unloaded after import = 3

========================================================================
Received Import Request.
  Time since last request: 0.000014 seconds.
  path: Assets/Free_pixel_food_16x16/Free_pixel_food_16x16/Icons/vegetable_cucumber.png
  artifactKey: Guid(bbe586c4a4f99c6469ea9199b3b8932a) Importer(815301076,1909f56bfc062723c751e8b465ee728b)
Start importing Assets/Free_pixel_food_16x16/Free_pixel_food_16x16/Icons/vegetable_cucumber.png using Guid(bbe586c4a4f99c6469ea9199b3b8932a) Importer(815301076,1909f56bfc062723c751e8b465ee728b) (PreviewImporter)[PhysX] Initialized MultithreadedTaskDispatcher with 8 workers.
[PhysX] Initialized MultithreadedTaskDispatcher with 8 workers.
 -> (artifact id: '9864f9374e0b693251514a82a2ed7d42') in 0.0101971 seconds
Number of updated asset objects reloaded before import = 0Number of asset objects unloaded after import = 3

========================================================================
Received Import Request.
  Time since last request: 0.000014 seconds.
  path: Assets/Free_pixel_food_16x16/Free_pixel_food_16x16/Icons/vegetable_ginger.png
  artifactKey: Guid(6eb6b31cbc27b0e4e96d908a84b8b9c6) Importer(815301076,1909f56bfc062723c751e8b465ee728b)
Start importing Assets/Free_pixel_food_16x16/Free_pixel_food_16x16/Icons/vegetable_ginger.png using Guid(6eb6b31cbc27b0e4e96d908a84b8b9c6) Importer(815301076,1909f56bfc062723c751e8b465ee728b) (PreviewImporter)[PhysX] Initialized MultithreadedTaskDispatcher with 8 workers.
[PhysX] Initialized MultithreadedTaskDispatcher with 8 workers.
 -> (artifact id: 'ddfca77626e9a49f25dbd976b902867d') in 0.0108817 seconds
Number of updated asset objects reloaded before import = 0Number of asset objects unloaded after import = 3

========================================================================
Received Import Request.
  Time since last request: 0.000014 seconds.
  path: Assets/Free_pixel_food_16x16/Free_pixel_food_16x16/Icons/vegetable_onion.png
  artifactKey: Guid(4ff5bf78b23717a49b83af8bd6fd5108) Importer(815301076,1909f56bfc062723c751e8b465ee728b)
Start importing Assets/Free_pixel_food_16x16/Free_pixel_food_16x16/Icons/vegetable_onion.png using Guid(4ff5bf78b23717a49b83af8bd6fd5108) Importer(815301076,1909f56bfc062723c751e8b465ee728b) (PreviewImporter)[PhysX] Initialized MultithreadedTaskDispatcher with 8 workers.
[PhysX] Initialized MultithreadedTaskDispatcher with 8 workers.
 -> (artifact id: '7664f7a222a0c41c5a67acfff700d630') in 0.010189 seconds
Number of updated asset objects reloaded before import = 0Number of asset objects unloaded after import = 3

========================================================================
Received Import Request.
  Time since last request: 0.000019 seconds.
  path: Assets/Free_pixel_food_16x16/Free_pixel_food_16x16/Icons/vegetable_pumpkin.png
  artifactKey: Guid(60295f8cd4f96e54dbe6f79088a70eb9) Importer(815301076,1909f56bfc062723c751e8b465ee728b)
Start importing Assets/Free_pixel_food_16x16/Free_pixel_food_16x16/Icons/vegetable_pumpkin.png using Guid(60295f8cd4f96e54dbe6f79088a70eb9) Importer(815301076,1909f56bfc062723c751e8b465ee728b) (PreviewImporter)[PhysX] Initialized MultithreadedTaskDispatcher with 8 workers.
[PhysX] Initialized MultithreadedTaskDispatcher with 8 workers.
 -> (artifact id: 'b6f880e90ac803fba3f5279fceb2c592') in 0.0112311 seconds
Number of updated asset objects reloaded before import = 0Number of asset objects unloaded after import = 3

========================================================================
Received Import Request.
  Time since last request: 0.000018 seconds.
  path: Assets/Free_pixel_food_16x16/Free_pixel_food_16x16/Icons/vegetable_jalapeno.png
  artifactKey: Guid(e275d8002e4fc104093861de54d0e2d0) Importer(815301076,1909f56bfc062723c751e8b465ee728b)
Start importing Assets/Free_pixel_food_16x16/Free_pixel_food_16x16/Icons/vegetable_jalapeno.png using Guid(e275d8002e4fc104093861de54d0e2d0) Importer(815301076,1909f56bfc062723c751e8b465ee728b) (PreviewImporter)[PhysX] Initialized MultithreadedTaskDispatcher with 8 workers.
[PhysX] Initialized MultithreadedTaskDispatcher with 8 workers.
 -> (artifact id: 'f7789b3dbbc55fb8d06d875aad5b3a2a') in 0.012068 seconds
Number of updated asset objects reloaded before import = 0Number of asset objects unloaded after import = 3

========================================================================
Received Import Request.
  Time since last request: 0.000021 seconds.
  path: Assets/Free_pixel_food_16x16/Free_pixel_food_16x16/Icons/vegetable_garlic.png
  artifactKey: Guid(677ee61705c00104daea906890293d76) Importer(815301076,1909f56bfc062723c751e8b465ee728b)
Start importing Assets/Free_pixel_food_16x16/Free_pixel_food_16x16/Icons/vegetable_garlic.png using Guid(677ee61705c00104daea906890293d76) Importer(815301076,1909f56bfc062723c751e8b465ee728b) (PreviewImporter)[PhysX] Initialized MultithreadedTaskDispatcher with 8 workers.
[PhysX] Initialized MultithreadedTaskDispatcher with 8 workers.
 -> (artifact id: '47c1a3363df96c4a077bbf536cc638ef') in 0.0113866 seconds
Number of updated asset objects reloaded before import = 0Number of asset objects unloaded after import = 3

========================================================================
Received Import Request.
  Time since last request: 0.000014 seconds.
  path: Assets/milkshake_MilesPrower/milkshake_MilesPrower/StarwberryMilkshake_RDBG.png
  artifactKey: Guid(7193d83aab1cb874da548c9322db5c5a) Importer(815301076,1909f56bfc062723c751e8b465ee728b)
Start importing Assets/milkshake_MilesPrower/milkshake_MilesPrower/StarwberryMilkshake_RDBG.png using Guid(7193d83aab1cb874da548c9322db5c5a) Importer(815301076,1909f56bfc062723c751e8b465ee728b) (PreviewImporter)[PhysX] Initialized MultithreadedTaskDispatcher with 8 workers.
[PhysX] Initialized MultithreadedTaskDispatcher with 8 workers.
 -> (artifact id: '540789be0b9a05c77cf4fa6aa11c3fdb') in 0.0135157 seconds
Number of updated asset objects reloaded before import = 0Number of asset objects unloaded after import = 3

========================================================================
Received Import Request.
  Time since last request: 0.000017 seconds.
  path: Assets/Free_pixel_food_16x16/Free_pixel_food_16x16/Icons/soymilk_soy.png
  artifactKey: Guid(cb6c6d76b4d49b74897fba59b4f99a8c) Importer(815301076,1909f56bfc062723c751e8b465ee728b)
Start importing Assets/Free_pixel_food_16x16/Free_pixel_food_16x16/Icons/soymilk_soy.png using Guid(cb6c6d76b4d49b74897fba59b4f99a8c) Importer(815301076,1909f56bfc062723c751e8b465ee728b) (PreviewImporter)[PhysX] Initialized MultithreadedTaskDispatcher with 8 workers.
[PhysX] Initialized MultithreadedTaskDispatcher with 8 workers.
 -> (artifact id: 'c0b5ecde486bd28667c8db4a1e9e48c6') in 0.0125003 seconds
Number of updated asset objects reloaded before import = 0Number of asset objects unloaded after import = 3

========================================================================
Received Import Request.
  Time since last request: 0.000014 seconds.
  path: Assets/Free_pixel_food_16x16/Free_pixel_food_16x16/Icons/vegetable_bellpepper_red.png
  artifactKey: Guid(fb5b73c973b3c134d90e1131318bc2ba) Importer(815301076,1909f56bfc062723c751e8b465ee728b)
Start importing Assets/Free_pixel_food_16x16/Free_pixel_food_16x16/Icons/vegetable_bellpepper_red.png using Guid(fb5b73c973b3c134d90e1131318bc2ba) Importer(815301076,1909f56bfc062723c751e8b465ee728b) (PreviewImporter)[PhysX] Initialized MultithreadedTaskDispatcher with 8 workers.
[PhysX] Initialized MultithreadedTaskDispatcher with 8 workers.
 -> (artifact id: 'efd98285c5df65a7916aaf0af8eed0cb') in 0.0107859 seconds
Number of updated asset objects reloaded before import = 0Number of asset objects unloaded after import = 3

========================================================================
Received Import Request.
  Time since last request: 2.803062 seconds.
  path: Assets/FREE Mana Seed Character Base Demo/guides/timing sample gifs/running sample.gif
  artifactKey: Guid(75315a677475874499f889b3fb2dd74c) Importer(815301076,1909f56bfc062723c751e8b465ee728b)
Start importing Assets/FREE Mana Seed Character Base Demo/guides/timing sample gifs/running sample.gif using Guid(75315a677475874499f889b3fb2dd74c) Importer(815301076,1909f56bfc062723c751e8b465ee728b) (PreviewImporter)[PhysX] Initialized MultithreadedTaskDispatcher with 8 workers.
[PhysX] Initialized MultithreadedTaskDispatcher with 8 workers.
 -> (artifact id: '5d40ccc5d5514c4a44c97932cfc6e7ba') in 0.0077889 seconds
Number of updated asset objects reloaded before import = 0Number of asset objects unloaded after import = 3

========================================================================
Received Import Request.
  Time since last request: 0.000018 seconds.
  path: Assets/Free_pixel_food_16x16/Free_pixel_food_16x16/Icons/soda_coke.png
  artifactKey: Guid(ae735323e5f62a04eab006812bc0ab41) Importer(815301076,1909f56bfc062723c751e8b465ee728b)
Start importing Assets/Free_pixel_food_16x16/Free_pixel_food_16x16/Icons/soda_coke.png using Guid(ae735323e5f62a04eab006812bc0ab41) Importer(815301076,1909f56bfc062723c751e8b465ee728b) (PreviewImporter)[PhysX] Initialized MultithreadedTaskDispatcher with 8 workers.
[PhysX] Initialized MultithreadedTaskDispatcher with 8 workers.
 -> (artifact id: 'c70799ba4d1c60faef0e7689507484e5') in 0.0125283 seconds
Number of updated asset objects reloaded before import = 0Number of asset objects unloaded after import = 3

========================================================================
Received Import Request.
  Time since last request: 0.000022 seconds.
  path: Assets/Free_pixel_food_16x16/Free_pixel_food_16x16/Icons/soda_pepsi.png
  artifactKey: Guid(1cf0c5cef2eaff448afcd741fc708298) Importer(815301076,1909f56bfc062723c751e8b465ee728b)
Start importing Assets/Free_pixel_food_16x16/Free_pixel_food_16x16/Icons/soda_pepsi.png using Guid(1cf0c5cef2eaff448afcd741fc708298) Importer(815301076,1909f56bfc062723c751e8b465ee728b) (PreviewImporter)[PhysX] Initialized MultithreadedTaskDispatcher with 8 workers.
[PhysX] Initialized MultithreadedTaskDispatcher with 8 workers.
 -> (artifact id: '31a0bc099f81f1b61dadccc634760d67') in 0.0105768 seconds
Number of updated asset objects reloaded before import = 0Number of asset objects unloaded after import = 3

========================================================================
Received Import Request.
  Time since last request: 0.000026 seconds.
  path: Assets/Free_pixel_food_16x16/Free_pixel_food_16x16/Icons/soda_sprite.png
  artifactKey: Guid(4e346568259f53141b95007019176277) Importer(815301076,1909f56bfc062723c751e8b465ee728b)
Start importing Assets/Free_pixel_food_16x16/Free_pixel_food_16x16/Icons/soda_sprite.png using Guid(4e346568259f53141b95007019176277) Importer(815301076,1909f56bfc062723c751e8b465ee728b) (PreviewImporter)[PhysX] Initialized MultithreadedTaskDispatcher with 8 workers.
[PhysX] Initialized MultithreadedTaskDispatcher with 8 workers.
 -> (artifact id: 'ccb6da13447ade0017103f35b2284c48') in 0.0117749 seconds
Number of updated asset objects reloaded before import = 0Number of asset objects unloaded after import = 3

========================================================================
Received Import Request.
  Time since last request: 0.000013 seconds.
  path: Assets/Free_pixel_food_16x16/Free_pixel_food_16x16/Icons/soda_fanta.png
  artifactKey: Guid(5fe92856beeda334893f96edba5ef5be) Importer(815301076,1909f56bfc062723c751e8b465ee728b)
Start importing Assets/Free_pixel_food_16x16/Free_pixel_food_16x16/Icons/soda_fanta.png using Guid(5fe92856beeda334893f96edba5ef5be) Importer(815301076,1909f56bfc062723c751e8b465ee728b) (PreviewImporter)[PhysX] Initialized MultithreadedTaskDispatcher with 8 workers.
[PhysX] Initialized MultithreadedTaskDispatcher with 8 workers.
 -> (artifact id: '87a59c476105244fa6e155af0f72c14f') in 0.0139737 seconds
Number of updated asset objects reloaded before import = 0Number of asset objects unloaded after import = 3

========================================================================
Received Import Request.
  Time since last request: 0.359235 seconds.
  path: Assets/Free_pixel_food_16x16/Free_pixel_food_16x16/Icons/popsicle_green.png
  artifactKey: Guid(919fbc56708672146a6c462ef6f90271) Importer(815301076,1909f56bfc062723c751e8b465ee728b)
Start importing Assets/Free_pixel_food_16x16/Free_pixel_food_16x16/Icons/popsicle_green.png using Guid(919fbc56708672146a6c462ef6f90271) Importer(815301076,1909f56bfc062723c751e8b465ee728b) (PreviewImporter)[PhysX] Initialized MultithreadedTaskDispatcher with 8 workers.
[PhysX] Initialized MultithreadedTaskDispatcher with 8 workers.
 -> (artifact id: '766fbbf0b3508136d56c02a8f4884e82') in 0.0095492 seconds
Number of updated asset objects reloaded before import = 0Number of asset objects unloaded after import = 3

========================================================================
Received Import Request.
  Time since last request: 0.002381 seconds.
  path: Assets/Free_pixel_food_16x16/Free_pixel_food_16x16/Icons/popsicle_yellow.png
  artifactKey: Guid(7fb7b42b59c3d6e4db3f4a262310298b) Importer(815301076,1909f56bfc062723c751e8b465ee728b)
Start importing Assets/Free_pixel_food_16x16/Free_pixel_food_16x16/Icons/popsicle_yellow.png using Guid(7fb7b42b59c3d6e4db3f4a262310298b) Importer(815301076,1909f56bfc062723c751e8b465ee728b) (PreviewImporter)[PhysX] Initialized MultithreadedTaskDispatcher with 8 workers.
[PhysX] Initialized MultithreadedTaskDispatcher with 8 workers.
 -> (artifact id: 'd2cea30f5d4950dda466701e525b78e6') in 0.0116608 seconds
Number of updated asset objects reloaded before import = 0Number of asset objects unloaded after import = 3

========================================================================
Received Import Request.
  Time since last request: 0.018402 seconds.
  path: Assets/Free_pixel_food_16x16/Free_pixel_food_16x16/Icons/onigiri_4.png
  artifactKey: Guid(2f1e22e10e858304e92d3fb1dc7afa8a) Importer(815301076,1909f56bfc062723c751e8b465ee728b)
Start importing Assets/Free_pixel_food_16x16/Free_pixel_food_16x16/Icons/onigiri_4.png using Guid(2f1e22e10e858304e92d3fb1dc7afa8a) Importer(815301076,1909f56bfc062723c751e8b465ee728b) (PreviewImporter)[PhysX] Initialized MultithreadedTaskDispatcher with 8 workers.
[PhysX] Initialized MultithreadedTaskDispatcher with 8 workers.
 -> (artifact id: '5f94f284e08792dc4b11b8b1e0045f95') in 0.0104292 seconds
Number of updated asset objects reloaded before import = 0Number of asset objects unloaded after import = 3

========================================================================
Received Import Request.
  Time since last request: 0.000621 seconds.
  path: Assets/FREE Mana Seed Character Base Demo/guides/paper doll demonstration.png
  artifactKey: Guid(b06b74858cf274948bfcddd6e88dd292) Importer(815301076,1909f56bfc062723c751e8b465ee728b)
Start importing Assets/FREE Mana Seed Character Base Demo/guides/paper doll demonstration.png using Guid(b06b74858cf274948bfcddd6e88dd292) Importer(815301076,1909f56bfc062723c751e8b465ee728b) (PreviewImporter)[PhysX] Initialized MultithreadedTaskDispatcher with 8 workers.
[PhysX] Initialized MultithreadedTaskDispatcher with 8 workers.
 -> (artifact id: '415731af188a70d03a86d6551e8d4c6f') in 0.0344442 seconds
Number of updated asset objects reloaded before import = 0Number of asset objects unloaded after import = 3

========================================================================
Received Import Request.
  Time since last request: 0.039110 seconds.
  path: Assets/Free_pixel_food_16x16/Free_pixel_food_16x16/Icons/onigiri_2.png
  artifactKey: Guid(c698778927a7dbd49a29960bb279c8dd) Importer(815301076,1909f56bfc062723c751e8b465ee728b)
Start importing Assets/Free_pixel_food_16x16/Free_pixel_food_16x16/Icons/onigiri_2.png using Guid(c698778927a7dbd49a29960bb279c8dd) Importer(815301076,1909f56bfc062723c751e8b465ee728b) (PreviewImporter)[PhysX] Initialized MultithreadedTaskDispatcher with 8 workers.
[PhysX] Initialized MultithreadedTaskDispatcher with 8 workers.
 -> (artifact id: '922471afb840bacfe648722fed66d476') in 0.0091572 seconds
Number of updated asset objects reloaded before import = 0Number of asset objects unloaded after import = 3

========================================================================
Received Import Request.
  Time since last request: 0.567787 seconds.
  path: Assets/Free_pixel_food_16x16/Free_pixel_food_16x16/Icons/icecream_2scoops.png
  artifactKey: Guid(ceba748127552d64fb4a073dc25ee003) Importer(815301076,1909f56bfc062723c751e8b465ee728b)
Start importing Assets/Free_pixel_food_16x16/Free_pixel_food_16x16/Icons/icecream_2scoops.png using Guid(ceba748127552d64fb4a073dc25ee003) Importer(815301076,1909f56bfc062723c751e8b465ee728b) (PreviewImporter)[PhysX] Initialized MultithreadedTaskDispatcher with 8 workers.
[PhysX] Initialized MultithreadedTaskDispatcher with 8 workers.
 -> (artifact id: '14507b872c025007e8ff8e764af1994b') in 0.0090396 seconds
Number of updated asset objects reloaded before import = 0Number of asset objects unloaded after import = 3

========================================================================
Received Import Request.
  Time since last request: 0.002162 seconds.
  path: Assets/Free_pixel_food_16x16/Free_pixel_food_16x16/Icons/jam_grape.png
  artifactKey: Guid(739c7cbafcaaf4f439993e96313c0e31) Importer(815301076,1909f56bfc062723c751e8b465ee728b)
Start importing Assets/Free_pixel_food_16x16/Free_pixel_food_16x16/Icons/jam_grape.png using Guid(739c7cbafcaaf4f439993e96313c0e31) Importer(815301076,1909f56bfc062723c751e8b465ee728b) (PreviewImporter)[PhysX] Initialized MultithreadedTaskDispatcher with 8 workers.
[PhysX] Initialized MultithreadedTaskDispatcher with 8 workers.
 -> (artifact id: '0ae7bc80e2a1f97608097a4efc5ee079') in 0.0109701 seconds
Number of updated asset objects reloaded before import = 0Number of asset objects unloaded after import = 3

========================================================================
Received Import Request.
  Time since last request: 0.002769 seconds.
  path: Assets/Free_pixel_food_16x16/Free_pixel_food_16x16/Icons/jam_strawberry.png
  artifactKey: Guid(4ca0f9a1dfc7dcf4690b7f51f9e7ae2b) Importer(815301076,1909f56bfc062723c751e8b465ee728b)
Start importing Assets/Free_pixel_food_16x16/Free_pixel_food_16x16/Icons/jam_strawberry.png using Guid(4ca0f9a1dfc7dcf4690b7f51f9e7ae2b) Importer(815301076,1909f56bfc062723c751e8b465ee728b) (PreviewImporter)[PhysX] Initialized MultithreadedTaskDispatcher with 8 workers.
[PhysX] Initialized MultithreadedTaskDispatcher with 8 workers.
 -> (artifact id: '38ae27f0143e941a5a6b96dc7fe730c7') in 0.010358 seconds
Number of updated asset objects reloaded before import = 0Number of asset objects unloaded after import = 3

========================================================================
Received Import Request.
  Time since last request: 0.010190 seconds.
  path: Assets/Free_pixel_food_16x16/Free_pixel_food_16x16/Icons/fruit_orange.png
  artifactKey: Guid(4e0b83726f9d15c49bcb8132505c3721) Importer(815301076,1909f56bfc062723c751e8b465ee728b)
Start importing Assets/Free_pixel_food_16x16/Free_pixel_food_16x16/Icons/fruit_orange.png using Guid(4e0b83726f9d15c49bcb8132505c3721) Importer(815301076,1909f56bfc062723c751e8b465ee728b) (PreviewImporter)[PhysX] Initialized MultithreadedTaskDispatcher with 8 workers.
[PhysX] Initialized MultithreadedTaskDispatcher with 8 workers.
 -> (artifact id: '1932afe60432a47ed226925f8669edd5') in 0.009599 seconds
Number of updated asset objects reloaded before import = 0Number of asset objects unloaded after import = 3

========================================================================
Received Import Request.
  Time since last request: 0.002114 seconds.
  path: Assets/Free_pixel_food_16x16/Free_pixel_food_16x16/Icons/fruit_strawberry.png
  artifactKey: Guid(2c4449f59fd69d047a06a8c45dd186ae) Importer(815301076,1909f56bfc062723c751e8b465ee728b)
Start importing Assets/Free_pixel_food_16x16/Free_pixel_food_16x16/Icons/fruit_strawberry.png using Guid(2c4449f59fd69d047a06a8c45dd186ae) Importer(815301076,1909f56bfc062723c751e8b465ee728b) (PreviewImporter)[PhysX] Initialized MultithreadedTaskDispatcher with 8 workers.
[PhysX] Initialized MultithreadedTaskDispatcher with 8 workers.
 -> (artifact id: '65d99a4889065865fc8569d1b4c4ea72') in 0.0087592 seconds
Number of updated asset objects reloaded before import = 0Number of asset objects unloaded after import = 3

========================================================================
Received Import Request.
  Time since last request: 0.460302 seconds.
  path: Assets/Free_pixel_food_16x16/Free_pixel_food_16x16/Icons/fruit_banana.png
  artifactKey: Guid(176a02bb049b531488acc1175a797379) Importer(815301076,1909f56bfc062723c751e8b465ee728b)
Start importing Assets/Free_pixel_food_16x16/Free_pixel_food_16x16/Icons/fruit_banana.png using Guid(176a02bb049b531488acc1175a797379) Importer(815301076,1909f56bfc062723c751e8b465ee728b) (PreviewImporter)[PhysX] Initialized MultithreadedTaskDispatcher with 8 workers.
[PhysX] Initialized MultithreadedTaskDispatcher with 8 workers.
 -> (artifact id: '904428fa82bada897bad85929a399ce5') in 0.0089792 seconds
Number of updated asset objects reloaded before import = 0Number of asset objects unloaded after import = 3

========================================================================
Received Import Request.
  Time since last request: 0.003271 seconds.
  path: Assets/Free_pixel_food_16x16/Free_pixel_food_16x16/Icons/fruit_grape_red.png
  artifactKey: Guid(1b6ec8c55863ed74193c5ddb3a61686b) Importer(815301076,1909f56bfc062723c751e8b465ee728b)
Start importing Assets/Free_pixel_food_16x16/Free_pixel_food_16x16/Icons/fruit_grape_red.png using Guid(1b6ec8c55863ed74193c5ddb3a61686b) Importer(815301076,1909f56bfc062723c751e8b465ee728b) (PreviewImporter)[PhysX] Initialized MultithreadedTaskDispatcher with 8 workers.
[PhysX] Initialized MultithreadedTaskDispatcher with 8 workers.
 -> (artifact id: '18bdf0b101a041ecb2a8b386e869d510') in 0.0093525 seconds
Number of updated asset objects reloaded before import = 0Number of asset objects unloaded after import = 3

========================================================================
Received Import Request.
  Time since last request: 0.001840 seconds.
  path: Assets/Free_pixel_food_16x16/Free_pixel_food_16x16/Icons/fruit_lemon.png
  artifactKey: Guid(7d14f8292c3310143998ca06274aeb04) Importer(815301076,1909f56bfc062723c751e8b465ee728b)
Start importing Assets/Free_pixel_food_16x16/Free_pixel_food_16x16/Icons/fruit_lemon.png using Guid(7d14f8292c3310143998ca06274aeb04) Importer(815301076,1909f56bfc062723c751e8b465ee728b) (PreviewImporter)[PhysX] Initialized MultithreadedTaskDispatcher with 8 workers.
[PhysX] Initialized MultithreadedTaskDispatcher with 8 workers.
 -> (artifact id: '8f12364b46d4e98702a002df3d0518bc') in 0.0113398 seconds
Number of updated asset objects reloaded before import = 0Number of asset objects unloaded after import = 3

========================================================================
Received Import Request.
  Time since last request: 0.009422 seconds.
  path: Assets/Free_pixel_food_16x16/Free_pixel_food_16x16/Icons/eggs_fried.png
  artifactKey: Guid(580c0c010f8d89248846b2162d5f219a) Importer(815301076,1909f56bfc062723c751e8b465ee728b)
Start importing Assets/Free_pixel_food_16x16/Free_pixel_food_16x16/Icons/eggs_fried.png using Guid(580c0c010f8d89248846b2162d5f219a) Importer(815301076,1909f56bfc062723c751e8b465ee728b) (PreviewImporter)[PhysX] Initialized MultithreadedTaskDispatcher with 8 workers.
[PhysX] Initialized MultithreadedTaskDispatcher with 8 workers.
 -> (artifact id: 'df1eefa18a766fea0b53637f63e0d0ba') in 0.0091984 seconds
Number of updated asset objects reloaded before import = 0Number of asset objects unloaded after import = 3

========================================================================
Received Import Request.
  Time since last request: 0.002623 seconds.
  path: Assets/Free_pixel_food_16x16/Free_pixel_food_16x16/Icons/eggs_softboiled.png
  artifactKey: Guid(bf646059ee7d1964dac0335ead70469c) Importer(815301076,1909f56bfc062723c751e8b465ee728b)
Start importing Assets/Free_pixel_food_16x16/Free_pixel_food_16x16/Icons/eggs_softboiled.png using Guid(bf646059ee7d1964dac0335ead70469c) Importer(815301076,1909f56bfc062723c751e8b465ee728b) (PreviewImporter)[PhysX] Initialized MultithreadedTaskDispatcher with 8 workers.
[PhysX] Initialized MultithreadedTaskDispatcher with 8 workers.
 -> (artifact id: 'fc7d8cd77a2737c738f27688af2cc320') in 0.0097613 seconds
Number of updated asset objects reloaded before import = 0Number of asset objects unloaded after import = 3

========================================================================
Received Import Request.
  Time since last request: 0.146486 seconds.
  path: Assets/Free_pixel_food_16x16/Free_pixel_food_16x16/Icons/coffee_greentea.png
  artifactKey: Guid(7790e11adf0760d43a21b8e2ef3396f9) Importer(815301076,1909f56bfc062723c751e8b465ee728b)
Start importing Assets/Free_pixel_food_16x16/Free_pixel_food_16x16/Icons/coffee_greentea.png using Guid(7790e11adf0760d43a21b8e2ef3396f9) Importer(815301076,1909f56bfc062723c751e8b465ee728b) (PreviewImporter)[PhysX] Initialized MultithreadedTaskDispatcher with 8 workers.
[PhysX] Initialized MultithreadedTaskDispatcher with 8 workers.
 -> (artifact id: '5d937762456e6e3d970028284ae91d67') in 0.0103267 seconds
Number of updated asset objects reloaded before import = 0Number of asset objects unloaded after import = 3

========================================================================
Received Import Request.
  Time since last request: 0.001619 seconds.
  path: Assets/Free_pixel_food_16x16/Free_pixel_food_16x16/Icons/coffee_milkjug.png
  artifactKey: Guid(b220a4b340cd6584688852fd7d1083f9) Importer(815301076,1909f56bfc062723c751e8b465ee728b)
Start importing Assets/Free_pixel_food_16x16/Free_pixel_food_16x16/Icons/coffee_milkjug.png using Guid(b220a4b340cd6584688852fd7d1083f9) Importer(815301076,1909f56bfc062723c751e8b465ee728b) (PreviewImporter)[PhysX] Initialized MultithreadedTaskDispatcher with 8 workers.
[PhysX] Initialized MultithreadedTaskDispatcher with 8 workers.
 -> (artifact id: 'ff5c402e00d2b3b46e44319fa83e37d1') in 0.0090758 seconds
Number of updated asset objects reloaded before import = 0Number of asset objects unloaded after import = 3

========================================================================
Received Import Request.
  Time since last request: 0.002241 seconds.
  path: Assets/Free_pixel_food_16x16/Free_pixel_food_16x16/Icons/coffee_tea.png
  artifactKey: Guid(6392430bf600a2746b73d1c391b9b6a6) Importer(815301076,1909f56bfc062723c751e8b465ee728b)
Start importing Assets/Free_pixel_food_16x16/Free_pixel_food_16x16/Icons/coffee_tea.png using Guid(6392430bf600a2746b73d1c391b9b6a6) Importer(815301076,1909f56bfc062723c751e8b465ee728b) (PreviewImporter)[PhysX] Initialized MultithreadedTaskDispatcher with 8 workers.
[PhysX] Initialized MultithreadedTaskDispatcher with 8 workers.
 -> (artifact id: '1671f941e73d93cbce4425570638ddf3') in 0.0142656 seconds
Number of updated asset objects reloaded before import = 0Number of asset objects unloaded after import = 3

========================================================================
Received Import Request.
  Time since last request: 0.102304 seconds.
  path: Assets/Free_pixel_food_16x16/Free_pixel_food_16x16/Icons/coffee_darkroast.png
  artifactKey: Guid(267ee0f2a8c90494c9a7aabca03334db) Importer(815301076,1909f56bfc062723c751e8b465ee728b)
Start importing Assets/Free_pixel_food_16x16/Free_pixel_food_16x16/Icons/coffee_darkroast.png using Guid(267ee0f2a8c90494c9a7aabca03334db) Importer(815301076,1909f56bfc062723c751e8b465ee728b) (PreviewImporter)[PhysX] Initialized MultithreadedTaskDispatcher with 8 workers.
[PhysX] Initialized MultithreadedTaskDispatcher with 8 workers.
 -> (artifact id: '7adbff72d3a9867c4154518834ef3a76') in 0.0099109 seconds
Number of updated asset objects reloaded before import = 0Number of asset objects unloaded after import = 3

========================================================================
Received Import Request.
  Time since last request: 0.604501 seconds.
  path: Assets/FREE Mana Seed Character Base Demo/char_a_p1/5hat/char_a_p1_5hat_pfht_v04.png
  artifactKey: Guid(6562cbd295d17a44eba14026e3b9ee17) Importer(815301076,1909f56bfc062723c751e8b465ee728b)
Start importing Assets/FREE Mana Seed Character Base Demo/char_a_p1/5hat/char_a_p1_5hat_pfht_v04.png using Guid(6562cbd295d17a44eba14026e3b9ee17) Importer(815301076,1909f56bfc062723c751e8b465ee728b) (PreviewImporter)[PhysX] Initialized MultithreadedTaskDispatcher with 8 workers.
[PhysX] Initialized MultithreadedTaskDispatcher with 8 workers.
 -> (artifact id: 'dc7b87774dba7c9d27ed26655dd27354') in 0.0164167 seconds
Number of updated asset objects reloaded before import = 0Number of asset objects unloaded after import = 3

========================================================================
Received Import Request.
  Time since last request: 0.002011 seconds.
  path: Assets/Free_pixel_food_16x16/Free_pixel_food_16x16/Icons/cheese_gouda.png
  artifactKey: Guid(172ac5f8a39a9094080bfb313b50d48d) Importer(815301076,1909f56bfc062723c751e8b465ee728b)
Start importing Assets/Free_pixel_food_16x16/Free_pixel_food_16x16/Icons/cheese_gouda.png using Guid(172ac5f8a39a9094080bfb313b50d48d) Importer(815301076,1909f56bfc062723c751e8b465ee728b) (PreviewImporter)[PhysX] Initialized MultithreadedTaskDispatcher with 8 workers.
[PhysX] Initialized MultithreadedTaskDispatcher with 8 workers.
 -> (artifact id: '8508ce7ae2c5d7de9187e310c0f02ef5') in 0.0102145 seconds
Number of updated asset objects reloaded before import = 0Number of asset objects unloaded after import = 3

========================================================================
Received Import Request.
  Time since last request: 0.200263 seconds.
  path: Assets/FREE Mana Seed Character Base Demo/char_a_p1/1out/char_a_p1_1out_fstr_v04.png
  artifactKey: Guid(09a95189861e15f4a812ba870d5370ca) Importer(815301076,1909f56bfc062723c751e8b465ee728b)
Start importing Assets/FREE Mana Seed Character Base Demo/char_a_p1/1out/char_a_p1_1out_fstr_v04.png using Guid(09a95189861e15f4a812ba870d5370ca) Importer(815301076,1909f56bfc062723c751e8b465ee728b) (PreviewImporter)[PhysX] Initialized MultithreadedTaskDispatcher with 8 workers.
[PhysX] Initialized MultithreadedTaskDispatcher with 8 workers.
 -> (artifact id: '98b3d6ab6ee972561f18012890b62469') in 0.0139834 seconds
Number of updated asset objects reloaded before import = 0Number of asset objects unloaded after import = 3

Editor requested this worker to shutdown with reason: Scaling down because of idle timeout
AssetImportWorker is now disconnected from the server
Process exiting
Exiting without the bug reporter. Application will terminate with return code 0